{"meta": {"format": 3, "version": "7.14.3", "timestamp": "2026-07-28T14:56:16.024707", "branch_coverage": false, "show_contexts": false}, "files": {"src/paceforge/__init__.py": {"executed_lines": [], "summary": {"covered_lines": 0, "num_statements": 0, "percent_covered": 100.0, "percent_covered_display": "100", "missing_lines": 0, "excluded_lines": 0, "percent_statements_covered": 100.0, "percent_statements_covered_display": "100"}, "missing_lines": [], "excluded_lines": [], "functions": {"": {"executed_lines": [], "summary": {"covered_lines": 0, "num_statements": 0, "percent_covered": 100.0, "percent_covered_display": "100", "missing_lines": 0, "excluded_lines": 0, "percent_statements_covered": 100.0, "percent_statements_covered_display": "100"}, "missing_lines": [], "excluded_lines": [], "start_line": 1}}, "classes": {"": {"executed_lines": [], "summary": {"covered_lines": 0, "num_statements": 0, "percent_covered": 100.0, "percent_covered_display": "100", "missing_lines": 0, "excluded_lines": 0, "percent_statements_covered": 100.0, "percent_statements_covered_display": "100"}, "missing_lines": [], "excluded_lines": [], "start_line": 1}}}, "src/paceforge/actions.py": {"executed_lines": [13, 15, 16, 17, 18, 19, 20, 21, 22, 23, 24, 25, 27, 28, 29, 30, 31, 39, 44, 45, 48, 49, 52, 54, 55, 56, 57, 58, 59, 62, 63, 64, 65, 66, 67, 68, 71, 75, 76, 77, 78, 81, 82, 83, 84, 85, 86, 87, 88, 91, 97, 112, 114, 115, 116, 117, 124, 135, 141, 142, 143, 153, 154, 155, 156, 157, 158, 159, 160, 161, 164, 165, 166, 169, 177, 178, 179, 180, 181, 192, 193, 194, 196, 199, 227, 232, 234, 235, 237, 238, 239, 240, 242, 244, 245, 246, 247, 248, 252, 255, 256, 258, 259, 260, 261, 262, 263, 265, 266, 267, 268, 269, 270, 271, 276, 277, 278, 279, 280, 281, 282, 283, 285, 287, 289, 290, 291, 292, 295, 299, 301, 302, 303, 304, 305, 306, 307, 308, 309, 310, 311, 312, 313, 314, 315, 316, 317, 318, 319, 320, 321, 323, 324, 326, 327, 328, 329, 330, 331, 334, 335, 336, 338, 339, 342, 343, 346, 347, 348, 351, 354, 355, 356, 357, 359, 361, 363, 364, 365, 368, 370, 371, 372, 373, 374, 377, 378, 380, 381, 382, 385, 387, 388, 389, 390, 391, 392, 393, 394, 395, 396, 397, 398, 399, 400, 401, 402, 403, 404, 405, 406, 407, 409, 410, 412, 413, 414, 415, 416, 417, 418, 421, 422, 423, 424, 425, 426, 427, 428, 429, 431, 432, 435, 437, 438, 440, 441, 442, 443, 444, 445, 446, 447, 449, 450, 453, 460, 461, 462, 463, 464, 465, 466, 467, 470, 471, 472, 473, 475, 476, 477, 478, 479, 481, 482, 483, 484, 485, 488, 490, 491, 498, 502, 505, 507, 509, 510, 513, 514, 516, 517, 518, 520, 521, 522, 533, 535, 536, 543, 544, 552, 555, 560, 561, 562, 567, 568, 569, 570, 571, 573, 576, 577, 578, 579, 580, 581, 582, 583, 586, 587, 590, 592, 593, 602, 608, 609, 611, 612, 614, 616, 617, 626, 639, 641, 642, 644, 647, 655, 711, 717, 719, 721, 722, 723, 725, 727, 742, 743, 746, 754, 756, 757, 758, 762, 764, 767, 770, 794, 801, 810, 812, 813, 815, 817, 818, 819, 820, 821, 822, 823, 827, 828, 829, 831, 835, 836, 837, 838, 839, 840, 841, 842, 844, 846, 848, 850, 851, 852, 853, 854, 856, 857, 858, 859, 861, 862, 866, 867, 871, 878, 879, 881, 882, 885, 891, 892, 894, 895, 896, 899, 902, 903, 904, 906, 907, 908, 909, 910, 914, 915, 917, 919, 921, 922, 926, 928, 929, 930, 931, 932, 933, 934, 935, 936, 937, 938, 939, 940, 941, 942, 944, 945, 946, 947, 950, 952, 953, 959, 960, 961, 962, 963, 969, 970, 978, 980, 981, 983, 984, 985, 986, 987, 988, 992, 993, 994, 995, 997, 998, 1003, 1013, 1014, 1016, 1017, 1018, 1021, 1022, 1023, 1024, 1025, 1026, 1029, 1030, 1031, 1033, 1036, 1037, 1038, 1039, 1040, 1041, 1043, 1044, 1047, 1049, 1050, 1051, 1052, 1053, 1054, 1055, 1056, 1057, 1058, 1059, 1060, 1062, 1064, 1065, 1070, 1072, 1075, 1081, 1082, 1084, 1085, 1086, 1087, 1088, 1089, 1091, 1092, 1093, 1095, 1096, 1097, 1098, 1101, 1111, 1112, 1113, 1115, 1116, 1117, 1118, 1119, 1120, 1121, 1122, 1123, 1125, 1126, 1128, 1130, 1131, 1132, 1133, 1134, 1136, 1138, 1139, 1140, 1141, 1143, 1146, 1156, 1157, 1160, 1161, 1162, 1163, 1164, 1165, 1166, 1167, 1168, 1170, 1172, 1173, 1174, 1175, 1179, 1180, 1181, 1183, 1184, 1192, 1196, 1197, 1198, 1201, 1205, 1207, 1208, 1210, 1211, 1213, 1214, 1217, 1218, 1221, 1222, 1223, 1229, 1230, 1231, 1232, 1234, 1244], "summary": {"covered_lines": 590, "num_statements": 748, "percent_covered": 78.87700534759358, "percent_covered_display": "79", "missing_lines": 158, "excluded_lines": 0, "percent_statements_covered": 78.87700534759358, "percent_statements_covered_display": "79"}, "missing_lines": [93, 94, 99, 100, 101, 102, 103, 104, 105, 108, 109, 118, 119, 120, 121, 126, 127, 128, 129, 167, 168, 205, 206, 207, 208, 209, 210, 211, 212, 213, 214, 215, 216, 217, 218, 219, 221, 222, 223, 233, 236, 241, 243, 257, 264, 284, 288, 332, 333, 375, 376, 379, 419, 420, 474, 480, 486, 487, 511, 519, 537, 545, 546, 563, 564, 565, 572, 594, 595, 596, 597, 598, 599, 613, 628, 629, 630, 632, 633, 634, 635, 636, 649, 650, 651, 652, 658, 659, 660, 661, 662, 663, 665, 666, 667, 668, 669, 670, 671, 672, 675, 676, 677, 681, 682, 683, 684, 685, 686, 688, 690, 691, 692, 695, 696, 697, 698, 699, 700, 703, 778, 780, 781, 782, 784, 786, 791, 795, 796, 797, 798, 814, 816, 843, 880, 893, 897, 898, 905, 916, 918, 943, 964, 965, 966, 982, 1015, 1083, 1158, 1169, 1182, 1194, 1212, 1215, 1233, 1245, 1246, 1247], "excluded_lines": [], "functions": {"_token_dir": {"executed_lines": [45], "summary": {"covered_lines": 1, "num_statements": 1, "percent_covered": 100.0, "percent_covered_display": "100", "missing_lines": 0, "excluded_lines": 0, "percent_statements_covered": 100.0, "percent_statements_covered_display": "100"}, "missing_lines": [], "excluded_lines": [], "start_line": 44}, "_has_token": {"executed_lines": [49], "summary": {"covered_lines": 1, "num_statements": 1, "percent_covered": 100.0, "percent_covered_display": "100", "missing_lines": 0, "excluded_lines": 0, "percent_statements_covered": 100.0, "percent_statements_covered_display": "100"}, "missing_lines": [], "excluded_lines": [], "start_line": 48}, "_materialize_token": {"executed_lines": [54, 55, 56, 57, 58, 59], "summary": {"covered_lines": 6, "num_statements": 6, "percent_covered": 100.0, "percent_covered_display": "100", "missing_lines": 0, "excluded_lines": 0, "percent_statements_covered": 100.0, "percent_statements_covered_display": "100"}, "missing_lines": [], "excluded_lines": [], "start_line": 52}, "_export_token": {"executed_lines": [63, 64, 65, 66, 67, 68], "summary": {"covered_lines": 6, "num_statements": 6, "percent_covered": 100.0, "percent_covered_display": "100", "missing_lines": 0, "excluded_lines": 0, "percent_statements_covered": 100.0, "percent_statements_covered_display": "100"}, "missing_lines": [], "excluded_lines": [], "start_line": 62}, "_garmin_email": {"executed_lines": [75, 76, 77, 78], "summary": {"covered_lines": 4, "num_statements": 4, "percent_covered": 100.0, "percent_covered_display": "100", "missing_lines": 0, "excluded_lines": 0, "percent_statements_covered": 100.0, "percent_statements_covered_display": "100"}, "missing_lines": [], "excluded_lines": [], "start_line": 71}, "garmin_connect": {"executed_lines": [82, 83, 84, 85, 86, 87, 88], "summary": {"covered_lines": 7, "num_statements": 7, "percent_covered": 100.0, "percent_covered_display": "100", "missing_lines": 0, "excluded_lines": 0, "percent_statements_covered": 100.0, "percent_statements_covered_display": "100"}, "missing_lines": [], "excluded_lines": [], "start_line": 81}, "_ask": {"executed_lines": [], "summary": {"covered_lines": 0, "num_statements": 2, "percent_covered": 0.0, "percent_covered_display": "0", "missing_lines": 2, "excluded_lines": 0, "percent_statements_covered": 0.0, "percent_statements_covered_display": "0"}, "missing_lines": [93, 94], "excluded_lines": [], "start_line": 91}, "login": {"executed_lines": [], "summary": {"covered_lines": 0, "num_statements": 9, "percent_covered": 0.0, "percent_covered_display": "0", "missing_lines": 9, "excluded_lines": 0, "percent_statements_covered": 0.0, "percent_statements_covered_display": "0"}, "missing_lines": [99, 100, 101, 102, 103, 104, 105, 108, 109], "excluded_lines": [], "start_line": 97}, "_token_age_days": {"executed_lines": [114, 115, 116, 117], "summary": {"covered_lines": 4, "num_statements": 8, "percent_covered": 50.0, "percent_covered_display": "50", "missing_lines": 4, "excluded_lines": 0, "percent_statements_covered": 50.0, "percent_statements_covered_display": "50"}, "missing_lines": [118, 119, 120, 121], "excluded_lines": [], "start_line": 112}, "export_token": {"executed_lines": [], "summary": {"covered_lines": 0, "num_statements": 4, "percent_covered": 0.0, "percent_covered_display": "0", "missing_lines": 4, "excluded_lines": 0, "percent_statements_covered": 0.0, "percent_statements_covered_display": "0"}, "missing_lines": [126, 127, 128, 129], "excluded_lines": [], "start_line": 124}, "sync": {"executed_lines": [141, 142, 143, 153, 154, 155, 156, 157, 158, 159, 160, 161, 164, 165, 166, 169, 177, 178, 179, 180, 181, 192, 193, 194, 196], "summary": {"covered_lines": 25, "num_statements": 27, "percent_covered": 92.5925925925926, "percent_covered_display": "93", "missing_lines": 2, "excluded_lines": 0, "percent_statements_covered": 92.5925925925926, "percent_statements_covered_display": "93"}, "missing_lines": [167, 168], "excluded_lines": [], "start_line": 135}, "log_rpe": {"executed_lines": [], "summary": {"covered_lines": 0, "num_statements": 18, "percent_covered": 0.0, "percent_covered_display": "0", "missing_lines": 18, "excluded_lines": 0, "percent_statements_covered": 0.0, "percent_statements_covered_display": "0"}, "missing_lines": [205, 206, 207, 208, 209, 210, 211, 212, 213, 214, 215, 216, 217, 218, 219, 221, 222, 223], "excluded_lines": [], "start_line": 199}, "link_activity": {"executed_lines": [232, 234, 235, 237, 238, 239, 240, 242, 244, 245, 246, 247, 248], "summary": {"covered_lines": 13, "num_statements": 17, "percent_covered": 76.47058823529412, "percent_covered_display": "76", "missing_lines": 4, "excluded_lines": 0, "percent_statements_covered": 76.47058823529412, "percent_statements_covered_display": "76"}, "missing_lines": [233, 236, 241, 243], "excluded_lines": [], "start_line": 227}, "unlink_activity": {"executed_lines": [255, 256, 258, 259, 260, 261, 262, 263, 265, 266, 267, 268, 269, 270, 271], "summary": {"covered_lines": 15, "num_statements": 17, "percent_covered": 88.23529411764706, "percent_covered_display": "88", "missing_lines": 2, "excluded_lines": 0, "percent_statements_covered": 88.23529411764706, "percent_statements_covered_display": "88"}, "missing_lines": [257, 264], "excluded_lines": [], "start_line": 252}, "_find_workout": {"executed_lines": [277, 278, 279, 280, 281, 282, 283, 285, 287, 289, 290, 291, 292], "summary": {"covered_lines": 13, "num_statements": 15, "percent_covered": 86.66666666666667, "percent_covered_display": "87", "missing_lines": 2, "excluded_lines": 0, "percent_statements_covered": 86.66666666666667, "percent_statements_covered_display": "87"}, "missing_lines": [284, 288], "excluded_lines": [], "start_line": 276}, "brief": {"executed_lines": [299, 301, 302, 303, 304, 305, 306, 307, 308, 309, 310, 311, 312, 313, 314, 315, 316, 317, 318, 319, 320, 321, 323, 324, 326, 327, 328, 329, 330, 331, 334, 335, 336, 338, 339], "summary": {"covered_lines": 35, "num_statements": 37, "percent_covered": 94.5945945945946, "percent_covered_display": "95", "missing_lines": 2, "excluded_lines": 0, "percent_statements_covered": 94.5945945945946, "percent_statements_covered_display": "95"}, "missing_lines": [332, 333], "excluded_lines": [], "start_line": 295}, "_esc_html": {"executed_lines": [343], "summary": {"covered_lines": 1, "num_statements": 1, "percent_covered": 100.0, "percent_covered_display": "100", "missing_lines": 0, "excluded_lines": 0, "percent_statements_covered": 100.0, "percent_statements_covered_display": "100"}, "missing_lines": [], "excluded_lines": [], "start_line": 342}, "_fmt_mss": {"executed_lines": [347, 348], "summary": {"covered_lines": 2, "num_statements": 2, "percent_covered": 100.0, "percent_covered_display": "100", "missing_lines": 0, "excluded_lines": 0, "percent_statements_covered": 100.0, "percent_statements_covered_display": "100"}, "missing_lines": [], "excluded_lines": [], "start_line": 346}, "_step_pace_band": {"executed_lines": [354, 359, 361, 363, 364, 365], "summary": {"covered_lines": 6, "num_statements": 6, "percent_covered": 100.0, "percent_covered_display": "100", "missing_lines": 0, "excluded_lines": 0, "percent_statements_covered": 100.0, "percent_statements_covered_display": "100"}, "missing_lines": [], "excluded_lines": [], "start_line": 351}, "_step_pace_band.walk": {"executed_lines": [355, 356, 357], "summary": {"covered_lines": 3, "num_statements": 3, "percent_covered": 100.0, "percent_covered_display": "100", "missing_lines": 0, "excluded_lines": 0, "percent_statements_covered": 100.0, "percent_statements_covered_display": "100"}, "missing_lines": [], "excluded_lines": [], "start_line": 354}, "_readiness_verdict": {"executed_lines": [370, 371, 372, 373, 374, 377, 378, 380, 381, 382], "summary": {"covered_lines": 10, "num_statements": 13, "percent_covered": 76.92307692307692, "percent_covered_display": "77", "missing_lines": 3, "excluded_lines": 0, "percent_statements_covered": 76.92307692307692, "percent_statements_covered_display": "77"}, "missing_lines": [375, 376, 379], "excluded_lines": [], "start_line": 368}, "_brief_telegram": {"executed_lines": [387, 388, 389, 390, 391, 392, 393, 394, 395, 396, 397, 398, 399, 400, 401, 402, 403, 404, 405, 406, 407, 409, 410, 412, 413, 414, 415, 416, 417, 418, 421, 422, 423, 424, 425, 426, 427, 428, 429, 431, 432], "summary": {"covered_lines": 41, "num_statements": 43, "percent_covered": 95.34883720930233, "percent_covered_display": "95", "missing_lines": 2, "excluded_lines": 0, "percent_statements_covered": 95.34883720930233, "percent_statements_covered_display": "95"}, "missing_lines": [419, 420], "excluded_lines": [], "start_line": 385}, "_match_plan": {"executed_lines": [437, 438, 440, 441, 442, 443, 444, 445, 446, 447, 449, 450], "summary": {"covered_lines": 12, "num_statements": 12, "percent_covered": 100.0, "percent_covered_display": "100", "missing_lines": 0, "excluded_lines": 0, "percent_statements_covered": 100.0, "percent_statements_covered_display": "100"}, "missing_lines": [], "excluded_lines": [], "start_line": 435}, "_extract_series": {"executed_lines": [460, 461, 462, 463, 464, 465, 466, 467, 470, 471, 472, 473, 475, 476, 477, 478, 479, 481, 483, 484, 485, 488, 490, 491, 498], "summary": {"covered_lines": 25, "num_statements": 29, "percent_covered": 86.20689655172414, "percent_covered_display": "86", "missing_lines": 4, "excluded_lines": 0, "percent_statements_covered": 86.20689655172414, "percent_statements_covered_display": "86"}, "missing_lines": [474, 480, 486, 487], "excluded_lines": [], "start_line": 453}, "_extract_series.at": {"executed_lines": [482], "summary": {"covered_lines": 1, "num_statements": 1, "percent_covered": 100.0, "percent_covered_display": "100", "missing_lines": 0, "excluded_lines": 0, "percent_statements_covered": 100.0, "percent_statements_covered_display": "100"}, "missing_lines": [], "excluded_lines": [], "start_line": 481}, "_trim_detail": {"executed_lines": [507, 509, 510, 513, 514, 516, 517, 518, 520, 521, 522, 533, 535, 536, 543, 544, 552], "summary": {"covered_lines": 17, "num_statements": 22, "percent_covered": 77.27272727272727, "percent_covered_display": "77", "missing_lines": 5, "excluded_lines": 0, "percent_statements_covered": 77.27272727272727, "percent_statements_covered_display": "77"}, "missing_lines": [511, 519, 537, 545, 546], "excluded_lines": [], "start_line": 505}, "_sync_details": {"executed_lines": [560, 561, 562, 567, 568, 569, 570, 571, 573, 576, 577, 578, 579, 580, 581, 582, 583, 586, 587], "summary": {"covered_lines": 19, "num_statements": 23, "percent_covered": 82.6086956521739, "percent_covered_display": "83", "missing_lines": 4, "excluded_lines": 0, "percent_statements_covered": 82.6086956521739, "percent_statements_covered_display": "83"}, "missing_lines": [563, 564, 565, 572], "excluded_lines": [], "start_line": 555}, "_fetch_detail": {"executed_lines": [592, 593], "summary": {"covered_lines": 2, "num_statements": 8, "percent_covered": 25.0, "percent_covered_display": "25", "missing_lines": 6, "excluded_lines": 0, "percent_statements_covered": 25.0, "percent_statements_covered_display": "25"}, "missing_lines": [594, 595, 596, 597, 598, 599], "excluded_lines": [], "start_line": 590}, "scaffold": {"executed_lines": [608, 609, 611, 612, 614, 616, 617], "summary": {"covered_lines": 7, "num_statements": 8, "percent_covered": 87.5, "percent_covered_display": "88", "missing_lines": 1, "excluded_lines": 0, "percent_statements_covered": 87.5, "percent_statements_covered_display": "88"}, "missing_lines": [613], "excluded_lines": [], "start_line": 602}, "_hyrox_gender": {"executed_lines": [], "summary": {"covered_lines": 0, "num_statements": 8, "percent_covered": 0.0, "percent_covered_display": "0", "missing_lines": 8, "excluded_lines": 0, "percent_statements_covered": 0.0, "percent_statements_covered_display": "0"}, "missing_lines": [628, 629, 630, 632, 633, 634, 635, 636], "excluded_lines": [], "start_line": 626}, "_hyrox_focus_stations": {"executed_lines": [641, 642, 644], "summary": {"covered_lines": 3, "num_statements": 3, "percent_covered": 100.0, "percent_covered_display": "100", "missing_lines": 0, "excluded_lines": 0, "percent_statements_covered": 100.0, "percent_statements_covered_display": "100"}, "missing_lines": [], "excluded_lines": [], "start_line": 639}, "analyze": {"executed_lines": [], "summary": {"covered_lines": 0, "num_statements": 4, "percent_covered": 0.0, "percent_covered_display": "0", "missing_lines": 4, "excluded_lines": 0, "percent_statements_covered": 0.0, "percent_statements_covered_display": "0"}, "missing_lines": [649, 650, 651, 652], "excluded_lines": [], "start_line": 647}, "fitness": {"executed_lines": [], "summary": {"covered_lines": 0, "num_statements": 34, "percent_covered": 0.0, "percent_covered_display": "0", "missing_lines": 34, "excluded_lines": 0, "percent_statements_covered": 0.0, "percent_statements_covered_display": "0"}, "missing_lines": [658, 659, 660, 661, 662, 663, 665, 666, 667, 668, 669, 670, 671, 672, 675, 676, 677, 681, 682, 683, 684, 685, 686, 688, 690, 691, 692, 695, 696, 697, 698, 699, 700, 703], "excluded_lines": [], "start_line": 655}, "hyrox_search": {"executed_lines": [717, 719, 721, 722, 723, 725, 727, 742, 743], "summary": {"covered_lines": 9, "num_statements": 9, "percent_covered": 100.0, "percent_covered_display": "100", "missing_lines": 0, "excluded_lines": 0, "percent_statements_covered": 100.0, "percent_statements_covered_display": "100"}, "missing_lines": [], "excluded_lines": [], "start_line": 711}, "hyrox_import": {"executed_lines": [754, 756, 757, 758, 762, 764, 767], "summary": {"covered_lines": 7, "num_statements": 7, "percent_covered": 100.0, "percent_covered_display": "100", "missing_lines": 0, "excluded_lines": 0, "percent_statements_covered": 100.0, "percent_statements_covered_display": "100"}, "missing_lines": [], "excluded_lines": [], "start_line": 746}, "hyrox_import_profile": {"executed_lines": [], "summary": {"covered_lines": 0, "num_statements": 7, "percent_covered": 0.0, "percent_covered_display": "0", "missing_lines": 7, "excluded_lines": 0, "percent_statements_covered": 0.0, "percent_statements_covered_display": "0"}, "missing_lines": [778, 780, 781, 782, 784, 786, 791], "excluded_lines": [], "start_line": 770}, "validate": {"executed_lines": [], "summary": {"covered_lines": 0, "num_statements": 4, "percent_covered": 0.0, "percent_covered_display": "0", "missing_lines": 4, "excluded_lines": 0, "percent_statements_covered": 0.0, "percent_statements_covered_display": "0"}, "missing_lines": [795, 796, 797, 798], "excluded_lines": [], "start_line": 794}, "recalibrate": {"executed_lines": [810, 812, 813, 815, 817, 818, 819, 820, 821, 822, 823, 827, 828, 829, 831, 835, 836, 837, 838, 839, 840, 841, 842, 844, 846, 848, 856, 857, 858, 859, 861, 862, 866, 867], "summary": {"covered_lines": 34, "num_statements": 37, "percent_covered": 91.89189189189189, "percent_covered_display": "92", "missing_lines": 3, "excluded_lines": 0, "percent_statements_covered": 91.89189189189189, "percent_statements_covered_display": "92"}, "missing_lines": [814, 816, 843], "excluded_lines": [], "start_line": 801}, "recalibrate._restep": {"executed_lines": [850, 851, 852, 853, 854], "summary": {"covered_lines": 5, "num_statements": 5, "percent_covered": 100.0, "percent_covered_display": "100", "missing_lines": 0, "excluded_lines": 0, "percent_statements_covered": 100.0, "percent_statements_covered_display": "100"}, "missing_lines": [], "excluded_lines": [], "start_line": 848}, "_fmt_pace": {"executed_lines": [879, 881, 882], "summary": {"covered_lines": 3, "num_statements": 4, "percent_covered": 75.0, "percent_covered_display": "75", "missing_lines": 1, "excluded_lines": 0, "percent_statements_covered": 75.0, "percent_statements_covered_display": "75"}, "missing_lines": [880], "excluded_lines": [], "start_line": 878}, "plan_md": {"executed_lines": [891, 892, 894, 895, 896, 899, 902, 903, 904, 906, 907, 908, 909, 910, 914, 915, 917, 919, 921, 922, 926, 928, 929, 930, 931, 932, 933, 934, 935, 936, 937, 938, 939, 940, 941, 942, 944, 945, 946, 947], "summary": {"covered_lines": 40, "num_statements": 47, "percent_covered": 85.1063829787234, "percent_covered_display": "85", "missing_lines": 7, "excluded_lines": 0, "percent_statements_covered": 85.1063829787234, "percent_statements_covered_display": "85"}, "missing_lines": [893, 897, 898, 905, 916, 918, 943], "excluded_lines": [], "start_line": 885}, "_upcoming_weeks": {"executed_lines": [952, 953], "summary": {"covered_lines": 2, "num_statements": 2, "percent_covered": 100.0, "percent_covered_display": "100", "missing_lines": 0, "excluded_lines": 0, "percent_statements_covered": 100.0, "percent_statements_covered_display": "100"}, "missing_lines": [], "excluded_lines": [], "start_line": 950}, "_select_week": {"executed_lines": [960, 961, 962, 963], "summary": {"covered_lines": 4, "num_statements": 7, "percent_covered": 57.142857142857146, "percent_covered_display": "57", "missing_lines": 3, "excluded_lines": 0, "percent_statements_covered": 57.142857142857146, "percent_statements_covered_display": "57"}, "missing_lines": [964, 965, 966], "excluded_lines": [], "start_line": 959}, "_plan_paces": {"executed_lines": [970], "summary": {"covered_lines": 1, "num_statements": 1, "percent_covered": 100.0, "percent_covered_display": "100", "missing_lines": 0, "excluded_lines": 0, "percent_statements_covered": 100.0, "percent_statements_covered_display": "100"}, "missing_lines": [], "excluded_lines": [], "start_line": 969}, "push": {"executed_lines": [980, 981, 983, 984, 985, 986, 987, 988, 992, 993, 994, 995, 997, 998], "summary": {"covered_lines": 14, "num_statements": 15, "percent_covered": 93.33333333333333, "percent_covered_display": "93", "missing_lines": 1, "excluded_lines": 0, "percent_statements_covered": 93.33333333333333, "percent_statements_covered_display": "93"}, "missing_lines": [982], "excluded_lines": [], "start_line": 978}, "garmin_reconcile": {"executed_lines": [1013, 1014, 1016, 1017, 1018, 1021, 1022, 1023, 1024, 1025, 1026, 1029, 1030, 1031, 1033, 1036, 1037, 1038, 1039, 1040, 1041, 1043, 1044, 1047, 1049, 1050, 1051, 1052, 1053, 1054, 1055, 1056, 1057, 1058, 1059, 1060, 1062, 1064, 1065], "summary": {"covered_lines": 39, "num_statements": 40, "percent_covered": 97.5, "percent_covered_display": "98", "missing_lines": 1, "excluded_lines": 0, "percent_statements_covered": 97.5, "percent_statements_covered_display": "98"}, "missing_lines": [1015], "excluded_lines": [], "start_line": 1003}, "autosync": {"executed_lines": [1072], "summary": {"covered_lines": 1, "num_statements": 1, "percent_covered": 100.0, "percent_covered_display": "100", "missing_lines": 0, "excluded_lines": 0, "percent_statements_covered": 100.0, "percent_statements_covered_display": "100"}, "missing_lines": [], "excluded_lines": [], "start_line": 1070}, "garmin_delete": {"executed_lines": [1081, 1082, 1084, 1085, 1086, 1087, 1088, 1089, 1091, 1092, 1093, 1095, 1096, 1097, 1098], "summary": {"covered_lines": 15, "num_statements": 16, "percent_covered": 93.75, "percent_covered_display": "94", "missing_lines": 1, "excluded_lines": 0, "percent_statements_covered": 93.75, "percent_statements_covered_display": "94"}, "missing_lines": [1083], "excluded_lines": [], "start_line": 1075}, "garmin_clear_calendar": {"executed_lines": [1111, 1112, 1113, 1115, 1116, 1117, 1118, 1119, 1120, 1121, 1122, 1123, 1125, 1126, 1128, 1130, 1131, 1132, 1133, 1134, 1136, 1138, 1139, 1140, 1141, 1143], "summary": {"covered_lines": 26, "num_statements": 26, "percent_covered": 100.0, "percent_covered_display": "100", "missing_lines": 0, "excluded_lines": 0, "percent_statements_covered": 100.0, "percent_statements_covered_display": "100"}, "missing_lines": [], "excluded_lines": [], "start_line": 1101}, "calendar_edit": {"executed_lines": [1156, 1157, 1160, 1161, 1162, 1163, 1164, 1165, 1166, 1167, 1168, 1170, 1172, 1173, 1174, 1175, 1179, 1180, 1181, 1183, 1184, 1192, 1196, 1197, 1198], "summary": {"covered_lines": 25, "num_statements": 29, "percent_covered": 86.20689655172414, "percent_covered_display": "86", "missing_lines": 4, "excluded_lines": 0, "percent_statements_covered": 86.20689655172414, "percent_statements_covered_display": "86"}, "missing_lines": [1158, 1169, 1182, 1194], "excluded_lines": [], "start_line": 1146}, "adapt": {"executed_lines": [1205, 1207, 1208, 1210, 1211, 1213, 1214, 1217, 1218, 1221, 1222, 1223, 1229, 1230, 1231, 1232, 1234], "summary": {"covered_lines": 17, "num_statements": 20, "percent_covered": 85.0, "percent_covered_display": "85", "missing_lines": 3, "excluded_lines": 0, "percent_statements_covered": 85.0, "percent_statements_covered_display": "85"}, "missing_lines": [1212, 1215, 1233], "excluded_lines": [], "start_line": 1201}, "status": {"executed_lines": [], "summary": {"covered_lines": 0, "num_statements": 3, "percent_covered": 0.0, "percent_covered_display": "0", "missing_lines": 3, "excluded_lines": 0, "percent_statements_covered": 0.0, "percent_statements_covered_display": "0"}, "missing_lines": [1245, 1246, 1247], "excluded_lines": [], "start_line": 1244}, "": {"executed_lines": [13, 15, 16, 17, 18, 19, 20, 21, 22, 23, 24, 25, 27, 28, 29, 30, 31, 39, 44, 48, 52, 62, 71, 81, 91, 97, 112, 124, 135, 199, 227, 252, 276, 295, 342, 346, 351, 368, 385, 435, 453, 502, 505, 555, 590, 602, 626, 639, 647, 655, 711, 746, 770, 794, 801, 871, 878, 885, 950, 959, 969, 978, 1003, 1070, 1075, 1101, 1146, 1201, 1244], "summary": {"covered_lines": 69, "num_statements": 69, "percent_covered": 100.0, "percent_covered_display": "100", "missing_lines": 0, "excluded_lines": 0, "percent_statements_covered": 100.0, "percent_statements_covered_display": "100"}, "missing_lines": [], "excluded_lines": [], "start_line": 1}}, "classes": {"": {"executed_lines": [13, 15, 16, 17, 18, 19, 20, 21, 22, 23, 24, 25, 27, 28, 29, 30, 31, 39, 44, 45, 48, 49, 52, 54, 55, 56, 57, 58, 59, 62, 63, 64, 65, 66, 67, 68, 71, 75, 76, 77, 78, 81, 82, 83, 84, 85, 86, 87, 88, 91, 97, 112, 114, 115, 116, 117, 124, 135, 141, 142, 143, 153, 154, 155, 156, 157, 158, 159, 160, 161, 164, 165, 166, 169, 177, 178, 179, 180, 181, 192, 193, 194, 196, 199, 227, 232, 234, 235, 237, 238, 239, 240, 242, 244, 245, 246, 247, 248, 252, 255, 256, 258, 259, 260, 261, 262, 263, 265, 266, 267, 268, 269, 270, 271, 276, 277, 278, 279, 280, 281, 282, 283, 285, 287, 289, 290, 291, 292, 295, 299, 301, 302, 303, 304, 305, 306, 307, 308, 309, 310, 311, 312, 313, 314, 315, 316, 317, 318, 319, 320, 321, 323, 324, 326, 327, 328, 329, 330, 331, 334, 335, 336, 338, 339, 342, 343, 346, 347, 348, 351, 354, 355, 356, 357, 359, 361, 363, 364, 365, 368, 370, 371, 372, 373, 374, 377, 378, 380, 381, 382, 385, 387, 388, 389, 390, 391, 392, 393, 394, 395, 396, 397, 398, 399, 400, 401, 402, 403, 404, 405, 406, 407, 409, 410, 412, 413, 414, 415, 416, 417, 418, 421, 422, 423, 424, 425, 426, 427, 428, 429, 431, 432, 435, 437, 438, 440, 441, 442, 443, 444, 445, 446, 447, 449, 450, 453, 460, 461, 462, 463, 464, 465, 466, 467, 470, 471, 472, 473, 475, 476, 477, 478, 479, 481, 482, 483, 484, 485, 488, 490, 491, 498, 502, 505, 507, 509, 510, 513, 514, 516, 517, 518, 520, 521, 522, 533, 535, 536, 543, 544, 552, 555, 560, 561, 562, 567, 568, 569, 570, 571, 573, 576, 577, 578, 579, 580, 581, 582, 583, 586, 587, 590, 592, 593, 602, 608, 609, 611, 612, 614, 616, 617, 626, 639, 641, 642, 644, 647, 655, 711, 717, 719, 721, 722, 723, 725, 727, 742, 743, 746, 754, 756, 757, 758, 762, 764, 767, 770, 794, 801, 810, 812, 813, 815, 817, 818, 819, 820, 821, 822, 823, 827, 828, 829, 831, 835, 836, 837, 838, 839, 840, 841, 842, 844, 846, 848, 850, 851, 852, 853, 854, 856, 857, 858, 859, 861, 862, 866, 867, 871, 878, 879, 881, 882, 885, 891, 892, 894, 895, 896, 899, 902, 903, 904, 906, 907, 908, 909, 910, 914, 915, 917, 919, 921, 922, 926, 928, 929, 930, 931, 932, 933, 934, 935, 936, 937, 938, 939, 940, 941, 942, 944, 945, 946, 947, 950, 952, 953, 959, 960, 961, 962, 963, 969, 970, 978, 980, 981, 983, 984, 985, 986, 987, 988, 992, 993, 994, 995, 997, 998, 1003, 1013, 1014, 1016, 1017, 1018, 1021, 1022, 1023, 1024, 1025, 1026, 1029, 1030, 1031, 1033, 1036, 1037, 1038, 1039, 1040, 1041, 1043, 1044, 1047, 1049, 1050, 1051, 1052, 1053, 1054, 1055, 1056, 1057, 1058, 1059, 1060, 1062, 1064, 1065, 1070, 1072, 1075, 1081, 1082, 1084, 1085, 1086, 1087, 1088, 1089, 1091, 1092, 1093, 1095, 1096, 1097, 1098, 1101, 1111, 1112, 1113, 1115, 1116, 1117, 1118, 1119, 1120, 1121, 1122, 1123, 1125, 1126, 1128, 1130, 1131, 1132, 1133, 1134, 1136, 1138, 1139, 1140, 1141, 1143, 1146, 1156, 1157, 1160, 1161, 1162, 1163, 1164, 1165, 1166, 1167, 1168, 1170, 1172, 1173, 1174, 1175, 1179, 1180, 1181, 1183, 1184, 1192, 1196, 1197, 1198, 1201, 1205, 1207, 1208, 1210, 1211, 1213, 1214, 1217, 1218, 1221, 1222, 1223, 1229, 1230, 1231, 1232, 1234, 1244], "summary": {"covered_lines": 590, "num_statements": 748, "percent_covered": 78.87700534759358, "percent_covered_display": "79", "missing_lines": 158, "excluded_lines": 0, "percent_statements_covered": 78.87700534759358, "percent_statements_covered_display": "79"}, "missing_lines": [93, 94, 99, 100, 101, 102, 103, 104, 105, 108, 109, 118, 119, 120, 121, 126, 127, 128, 129, 167, 168, 205, 206, 207, 208, 209, 210, 211, 212, 213, 214, 215, 216, 217, 218, 219, 221, 222, 223, 233, 236, 241, 243, 257, 264, 284, 288, 332, 333, 375, 376, 379, 419, 420, 474, 480, 486, 487, 511, 519, 537, 545, 546, 563, 564, 565, 572, 594, 595, 596, 597, 598, 599, 613, 628, 629, 630, 632, 633, 634, 635, 636, 649, 650, 651, 652, 658, 659, 660, 661, 662, 663, 665, 666, 667, 668, 669, 670, 671, 672, 675, 676, 677, 681, 682, 683, 684, 685, 686, 688, 690, 691, 692, 695, 696, 697, 698, 699, 700, 703, 778, 780, 781, 782, 784, 786, 791, 795, 796, 797, 798, 814, 816, 843, 880, 893, 897, 898, 905, 916, 918, 943, 964, 965, 966, 982, 1015, 1083, 1158, 1169, 1182, 1194, 1212, 1215, 1233, 1245, 1246, 1247], "excluded_lines": [], "start_line": 1}}}, "src/paceforge/cli.py": {"executed_lines": [11, 13, 14, 15, 17, 20, 21, 22, 24, 25, 26, 27, 29, 30, 32, 33, 35, 37, 38, 39, 40, 41, 42, 44, 45, 46, 48, 49, 50, 52, 56, 57, 59, 61, 63, 64, 66, 67, 68, 69, 71, 73, 74, 75, 76, 77, 78, 80, 81, 82, 84, 85, 86, 88, 89, 90, 91, 93, 95, 97, 98, 99, 102, 104, 106, 107, 109, 111, 112, 113, 114, 115, 116, 117, 120, 121, 122, 123, 131, 132, 133, 134, 135, 136, 137, 138, 139, 140, 141, 143, 144, 145, 146, 147, 148, 149, 150, 151, 152, 155, 157, 160, 162, 163, 164, 165, 181, 184, 185, 188], "summary": {"covered_lines": 110, "num_statements": 132, "percent_covered": 83.33333333333333, "percent_covered_display": "83", "missing_lines": 22, "excluded_lines": 0, "percent_statements_covered": 83.33333333333333, "percent_statements_covered_display": "83"}, "missing_lines": [118, 119, 142, 153, 156, 158, 161, 166, 167, 168, 169, 170, 171, 172, 173, 174, 176, 177, 178, 179, 180, 189], "excluded_lines": [], "functions": {"main": {"executed_lines": [21, 22, 24, 25, 26, 27, 29, 30, 32, 33, 35, 37, 38, 39, 40, 41, 42, 44, 45, 46, 48, 49, 50, 52, 56, 57, 59, 61, 63, 64, 66, 67, 68, 69, 71, 73, 74, 75, 76, 77, 78, 80, 81, 82, 84, 85, 86, 88, 89, 90, 91, 93, 95, 97, 98, 99, 102, 104, 106, 107, 109, 111, 112, 113, 114, 115, 116, 117, 120, 121, 122, 123, 131, 132, 133, 134, 135, 136, 137, 138, 139, 140, 141, 143, 144, 145, 146, 147, 148, 149, 150, 151, 152, 155, 157, 160, 162, 163, 164, 165, 181], "summary": {"covered_lines": 101, "num_statements": 122, "percent_covered": 82.78688524590164, "percent_covered_display": "83", "missing_lines": 21, "excluded_lines": 0, "percent_statements_covered": 82.78688524590164, "percent_statements_covered_display": "83"}, "missing_lines": [118, 119, 142, 153, 156, 158, 161, 166, 167, 168, 169, 170, 171, 172, 173, 174, 176, 177, 178, 179, 180], "excluded_lines": [], "start_line": 20}, "_emit": {"executed_lines": [185], "summary": {"covered_lines": 1, "num_statements": 1, "percent_covered": 100.0, "percent_covered_display": "100", "missing_lines": 0, "excluded_lines": 0, "percent_statements_covered": 100.0, "percent_statements_covered_display": "100"}, "missing_lines": [], "excluded_lines": [], "start_line": 184}, "": {"executed_lines": [11, 13, 14, 15, 17, 20, 184, 188], "summary": {"covered_lines": 8, "num_statements": 9, "percent_covered": 88.88888888888889, "percent_covered_display": "89", "missing_lines": 1, "excluded_lines": 0, "percent_statements_covered": 88.88888888888889, "percent_statements_covered_display": "89"}, "missing_lines": [189], "excluded_lines": [], "start_line": 1}}, "classes": {"": {"executed_lines": [11, 13, 14, 15, 17, 20, 21, 22, 24, 25, 26, 27, 29, 30, 32, 33, 35, 37, 38, 39, 40, 41, 42, 44, 45, 46, 48, 49, 50, 52, 56, 57, 59, 61, 63, 64, 66, 67, 68, 69, 71, 73, 74, 75, 76, 77, 78, 80, 81, 82, 84, 85, 86, 88, 89, 90, 91, 93, 95, 97, 98, 99, 102, 104, 106, 107, 109, 111, 112, 113, 114, 115, 116, 117, 120, 121, 122, 123, 131, 132, 133, 134, 135, 136, 137, 138, 139, 140, 141, 143, 144, 145, 146, 147, 148, 149, 150, 151, 152, 155, 157, 160, 162, 163, 164, 165, 181, 184, 185, 188], "summary": {"covered_lines": 110, "num_statements": 132, "percent_covered": 83.33333333333333, "percent_covered_display": "83", "missing_lines": 22, "excluded_lines": 0, "percent_statements_covered": 83.33333333333333, "percent_statements_covered_display": "83"}, "missing_lines": [118, 119, 142, 153, 156, 158, 161, 166, 167, 168, 169, 170, 171, 172, 173, 174, 176, 177, 178, 179, 180, 189], "excluded_lines": [], "start_line": 1}}}, "src/paceforge/engine/__init__.py": {"executed_lines": [], "summary": {"covered_lines": 0, "num_statements": 0, "percent_covered": 100.0, "percent_covered_display": "100", "missing_lines": 0, "excluded_lines": 0, "percent_statements_covered": 100.0, "percent_statements_covered_display": "100"}, "missing_lines": [], "excluded_lines": [], "functions": {"": {"executed_lines": [], "summary": {"covered_lines": 0, "num_statements": 0, "percent_covered": 100.0, "percent_covered_display": "100", "missing_lines": 0, "excluded_lines": 0, "percent_statements_covered": 100.0, "percent_statements_covered_display": "100"}, "missing_lines": [], "excluded_lines": [], "start_line": 1}}, "classes": {"": {"executed_lines": [], "summary": {"covered_lines": 0, "num_statements": 0, "percent_covered": 100.0, "percent_covered_display": "100", "missing_lines": 0, "excluded_lines": 0, "percent_statements_covered": 100.0, "percent_statements_covered_display": "100"}, "missing_lines": [], "excluded_lines": [], "start_line": 1}}}, "src/paceforge/engine/adaptation.py": {"executed_lines": [3, 5, 7, 10, 18, 20, 21, 22, 23, 24, 27, 29, 30, 31, 32, 39, 40, 42, 43, 44, 45, 46, 47, 48, 49, 50, 52, 55, 56, 57, 60, 61, 64, 74, 76, 77, 78, 79, 80, 81, 82, 83, 84, 86, 87, 88, 90, 99], "summary": {"covered_lines": 48, "num_statements": 50, "percent_covered": 96.0, "percent_covered_display": "96", "missing_lines": 2, "excluded_lines": 0, "percent_statements_covered": 96.0, "percent_statements_covered_display": "96"}, "missing_lines": [26, 100], "excluded_lines": [], "functions": {"reflow_missed_sessions": {"executed_lines": [18, 20, 21, 22, 23, 24, 27, 29, 30, 31, 32, 39, 40, 42, 43, 44, 45, 46, 47, 48, 49, 50, 52], "summary": {"covered_lines": 23, "num_statements": 24, "percent_covered": 95.83333333333333, "percent_covered_display": "96", "missing_lines": 1, "excluded_lines": 0, "percent_statements_covered": 95.83333333333333, "percent_statements_covered_display": "96"}, "missing_lines": [26], "excluded_lines": [], "start_line": 10}, "_is_missed": {"executed_lines": [56, 57], "summary": {"covered_lines": 2, "num_statements": 2, "percent_covered": 100.0, "percent_covered_display": "100", "missing_lines": 0, "excluded_lines": 0, "percent_statements_covered": 100.0, "percent_statements_covered_display": "100"}, "missing_lines": [], "excluded_lines": [], "start_line": 55}, "_adjacent_to_hard": {"executed_lines": [61], "summary": {"covered_lines": 1, "num_statements": 1, "percent_covered": 100.0, "percent_covered_display": "100", "missing_lines": 0, "excluded_lines": 0, "percent_statements_covered": 100.0, "percent_statements_covered_display": "100"}, "missing_lines": [], "excluded_lines": [], "start_line": 60}, "readiness_gate": {"executed_lines": [74, 76, 77, 78, 79, 80, 81, 82, 83, 84, 86, 87, 88, 90, 99], "summary": {"covered_lines": 15, "num_statements": 16, "percent_covered": 93.75, "percent_covered_display": "94", "missing_lines": 1, "excluded_lines": 0, "percent_statements_covered": 93.75, "percent_statements_covered_display": "94"}, "missing_lines": [100], "excluded_lines": [], "start_line": 64}, "": {"executed_lines": [3, 5, 7, 10, 55, 60, 64], "summary": {"covered_lines": 7, "num_statements": 7, "percent_covered": 100.0, "percent_covered_display": "100", "missing_lines": 0, "excluded_lines": 0, "percent_statements_covered": 100.0, "percent_statements_covered_display": "100"}, "missing_lines": [], "excluded_lines": [], "start_line": 1}}, "classes": {"": {"executed_lines": [3, 5, 7, 10, 18, 20, 21, 22, 23, 24, 27, 29, 30, 31, 32, 39, 40, 42, 43, 44, 45, 46, 47, 48, 49, 50, 52, 55, 56, 57, 60, 61, 64, 74, 76, 77, 78, 79, 80, 81, 82, 83, 84, 86, 87, 88, 90, 99], "summary": {"covered_lines": 48, "num_statements": 50, "percent_covered": 96.0, "percent_covered_display": "96", "missing_lines": 2, "excluded_lines": 0, "percent_statements_covered": 96.0, "percent_statements_covered_display": "96"}, "missing_lines": [26, 100], "excluded_lines": [], "start_line": 1}}}, "src/paceforge/engine/analytics.py": {"executed_lines": [12, 14, 16, 22, 27, 28, 29, 30, 31, 32, 33, 34, 37, 38, 39, 40, 41, 42, 43, 44, 45, 46, 47, 50, 51, 52, 53, 54, 55, 56, 57, 58, 59, 60, 61, 62, 65, 66, 67, 68, 69, 70, 71, 72, 73, 74, 75, 76, 79, 80, 81, 82, 83, 84, 85, 88, 89, 90, 91, 92, 93, 94, 95, 96, 99, 100, 101, 102, 103, 104, 105, 106, 107, 108, 109, 110, 113, 114, 115, 116, 117, 118, 121, 122, 123, 124, 125, 126, 127, 130, 131, 132, 133, 134, 135, 136, 141, 142, 143, 147, 150, 157, 158, 160, 165, 170, 171, 177, 178, 179, 180, 181, 182, 183, 184, 187, 194, 195, 196, 197, 198, 199, 200, 201, 202, 204, 205, 206, 207, 208, 210, 211, 217, 218, 219, 222, 224, 226, 228, 229, 232, 234, 237, 240, 242, 244, 246, 249, 252, 253, 255, 256, 257, 260, 267, 269, 270, 272, 273, 290, 292, 295, 297, 301, 302, 303, 306, 316, 317, 318, 321, 323, 325, 326, 334, 337, 338, 339, 340, 341, 342, 345, 346, 347, 352, 354, 356, 359, 362, 364, 374, 375, 378, 380, 381, 392, 405, 406, 407, 410, 411, 412, 426, 429, 430, 431, 441, 444, 445, 446, 458, 461, 462, 463, 475, 478, 479, 482, 485, 486, 497, 499, 514, 516, 517, 519, 521, 523, 526, 529, 530, 532, 534, 537, 540, 541, 543, 545, 547, 550, 553, 554, 556, 558, 561, 564, 565, 567, 569, 571, 573, 574, 576, 579, 581, 584, 587, 588, 590, 592, 594, 596, 598, 599, 601, 615, 616, 618, 627, 628, 629, 634, 635, 637, 638, 641, 642, 643, 647, 648, 657, 658, 659, 660, 661, 662, 665, 667, 670, 673, 675, 676, 683, 684, 685, 687, 688, 690, 691, 693, 700, 709, 710, 711, 712, 713, 714, 715, 716, 718, 729, 735, 736, 739, 741, 755, 771, 774, 775, 776, 777, 778, 781, 784, 785, 787, 788, 791, 792, 794, 795, 796, 797, 799, 800, 803, 805, 806, 808, 811, 818, 826, 827, 828, 829, 830, 833, 837, 838, 839, 842, 844, 845, 847, 850, 851, 852, 853, 854, 855, 856, 858, 859, 860, 861, 863, 864, 869, 872, 886, 891, 892, 893, 896, 897, 906, 908, 909, 915, 921, 927, 933, 948, 955, 956, 958, 960, 962, 963, 967, 968, 969, 970, 977, 978, 985, 986, 993, 1002, 1011], "summary": {"covered_lines": 400, "num_statements": 611, "percent_covered": 65.46644844517185, "percent_covered_display": "65", "missing_lines": 211, "excluded_lines": 0, "percent_statements_covered": 65.46644844517185, "percent_statements_covered_display": "65"}, "missing_lines": [161, 162, 163, 166, 167, 168, 172, 173, 174, 175, 223, 225, 227, 233, 235, 241, 243, 245, 247, 258, 261, 262, 263, 264, 265, 268, 274, 275, 276, 277, 278, 279, 280, 282, 283, 284, 285, 286, 287, 288, 291, 293, 296, 298, 304, 322, 324, 327, 328, 329, 330, 332, 348, 349, 350, 353, 355, 357, 365, 366, 367, 368, 369, 370, 372, 383, 384, 385, 386, 387, 388, 389, 390, 413, 414, 415, 416, 417, 418, 419, 420, 421, 422, 424, 432, 433, 434, 435, 436, 438, 439, 447, 448, 449, 450, 451, 452, 453, 455, 456, 464, 465, 466, 467, 468, 469, 470, 472, 473, 487, 488, 489, 490, 491, 492, 493, 495, 518, 520, 522, 524, 531, 533, 535, 542, 544, 546, 548, 555, 557, 559, 566, 568, 570, 572, 575, 577, 580, 582, 589, 591, 593, 595, 597, 630, 631, 632, 639, 640, 645, 666, 668, 674, 677, 678, 680, 694, 695, 696, 697, 698, 701, 702, 703, 704, 705, 706, 743, 744, 745, 748, 749, 750, 751, 753, 756, 779, 786, 804, 820, 821, 822, 831, 843, 857, 865, 866, 867, 870, 898, 899, 900, 901, 903, 940, 957, 959, 961, 964, 994, 1013, 1014, 1015, 1016, 1017, 1018, 1019, 1021, 1023, 1024, 1026], "excluded_lines": [], "functions": {"_fmt_pace": {"executed_lines": [142, 143], "summary": {"covered_lines": 2, "num_statements": 2, "percent_covered": 100.0, "percent_covered_display": "100", "missing_lines": 0, "excluded_lines": 0, "percent_statements_covered": 100.0, "percent_statements_covered_display": "100"}, "missing_lines": [], "excluded_lines": [], "start_line": 141}, "_estimate_vdot": {"executed_lines": [157, 158, 160, 165, 170, 171, 177, 178, 179, 180, 181, 182, 183, 184], "summary": {"covered_lines": 14, "num_statements": 24, "percent_covered": 58.333333333333336, "percent_covered_display": "58", "missing_lines": 10, "excluded_lines": 0, "percent_statements_covered": 58.333333333333336, "percent_statements_covered_display": "58"}, "missing_lines": [161, 162, 163, 166, 167, 168, 172, 173, 174, 175], "excluded_lines": [], "start_line": 150}, "_predict_race_time": {"executed_lines": [194, 195, 196, 197, 198, 199, 200, 201, 202, 204, 205, 206, 207, 208, 210, 211], "summary": {"covered_lines": 16, "num_statements": 16, "percent_covered": 100.0, "percent_covered_display": "100", "missing_lines": 0, "excluded_lines": 0, "percent_statements_covered": 100.0, "percent_statements_covered_display": "100"}, "missing_lines": [], "excluded_lines": [], "start_line": 187}, "compute_athlete_snapshot": {"executed_lines": [218, 219, 222, 224, 226, 228, 229, 232, 234, 237, 240, 242, 244, 246, 249, 252, 253, 255, 256, 257, 260, 267, 269, 270, 272, 273, 290, 292, 295, 297, 301, 302, 303, 306], "summary": {"covered_lines": 34, "num_statements": 69, "percent_covered": 49.27536231884058, "percent_covered_display": "49", "missing_lines": 35, "excluded_lines": 0, "percent_statements_covered": 49.27536231884058, "percent_statements_covered_display": "49"}, "missing_lines": [223, 225, 227, 233, 235, 241, 243, 245, 247, 258, 261, 262, 263, 264, 265, 268, 274, 275, 276, 277, 278, 279, 280, 282, 283, 284, 285, 286, 287, 288, 291, 293, 296, 298, 304], "excluded_lines": [], "start_line": 217}, "compute_aerobic_analysis": {"executed_lines": [317, 318, 321, 323, 325, 326, 334, 337, 338, 339, 340, 341, 342, 345, 346, 347, 352, 354, 356, 359, 362, 364, 374, 375, 378, 380, 381, 392], "summary": {"covered_lines": 28, "num_statements": 56, "percent_covered": 50.0, "percent_covered_display": "50", "missing_lines": 28, "excluded_lines": 0, "percent_statements_covered": 50.0, "percent_statements_covered_display": "50"}, "missing_lines": [322, 324, 327, 328, 329, 330, 332, 348, 349, 350, 353, 355, 357, 365, 366, 367, 368, 369, 370, 372, 383, 384, 385, 386, 387, 388, 389, 390], "excluded_lines": [], "start_line": 316}, "compute_running_economy": {"executed_lines": [406, 407, 410, 411, 412, 426, 429, 430, 431, 441, 444, 445, 446, 458, 461, 462, 463, 475, 478, 479, 482, 485, 486, 497, 499], "summary": {"covered_lines": 25, "num_statements": 69, "percent_covered": 36.231884057971016, "percent_covered_display": "36", "missing_lines": 44, "excluded_lines": 0, "percent_statements_covered": 36.231884057971016, "percent_statements_covered_display": "36"}, "missing_lines": [413, 414, 415, 416, 417, 418, 419, 420, 421, 422, 424, 432, 433, 434, 435, 436, 438, 439, 447, 448, 449, 450, 451, 452, 453, 455, 456, 464, 465, 466, 467, 468, 469, 470, 472, 473, 487, 488, 489, 490, 491, 492, 493, 495], "excluded_lines": [], "start_line": 405}, "compute_load_recovery": {"executed_lines": [516, 517, 519, 521, 523, 526, 529, 530, 532, 534, 537, 540, 541, 543, 545, 547, 550, 553, 554, 556, 558, 561, 564, 565, 567, 569, 571, 573, 574, 576, 579, 581, 584, 587, 588, 590, 592, 594, 596, 598, 599, 601], "summary": {"covered_lines": 42, "num_statements": 69, "percent_covered": 60.869565217391305, "percent_covered_display": "61", "missing_lines": 27, "excluded_lines": 0, "percent_statements_covered": 60.869565217391305, "percent_statements_covered_display": "61"}, "missing_lines": [518, 520, 522, 524, 531, 533, 535, 542, 544, 546, 548, 555, 557, 559, 566, 568, 570, 572, 575, 577, 580, 582, 589, 591, 593, 595, 597], "excluded_lines": [], "start_line": 514}, "compute_race_predictions": {"executed_lines": [616, 618, 627, 628, 629, 634, 635, 637, 638, 641, 642, 643, 647, 648, 657, 658, 659, 660, 661, 662, 665, 667, 670, 673, 675, 676, 683, 684, 685, 687, 688, 690, 691, 693, 700, 709, 710, 711, 712, 713, 714, 715, 716, 718], "summary": {"covered_lines": 44, "num_statements": 67, "percent_covered": 65.67164179104478, "percent_covered_display": "66", "missing_lines": 23, "excluded_lines": 0, "percent_statements_covered": 65.67164179104478, "percent_statements_covered_display": "66"}, "missing_lines": [630, 631, 632, 639, 640, 645, 666, 668, 674, 677, 678, 680, 694, 695, 696, 697, 698, 701, 702, 703, 704, 705, 706], "excluded_lines": [], "start_line": 615}, "compute_hyrox_predictions": {"executed_lines": [735, 736, 739, 741, 755, 771, 774, 775, 776, 777, 778, 781, 784, 785, 787, 788, 791, 792, 794, 795, 796, 797, 799, 800, 803, 805, 806, 808, 811, 818, 826, 827, 828, 829, 830, 833, 837, 838, 839, 842, 844, 845, 847, 850, 851, 852, 853, 854, 855, 856, 858, 859, 860, 861, 863, 864, 869, 872], "summary": {"covered_lines": 58, "num_statements": 80, "percent_covered": 72.5, "percent_covered_display": "72", "missing_lines": 22, "excluded_lines": 0, "percent_statements_covered": 72.5, "percent_statements_covered_display": "72"}, "missing_lines": [743, 744, 745, 748, 749, 750, 751, 753, 756, 779, 786, 804, 820, 821, 822, 831, 843, 857, 865, 866, 867, 870], "excluded_lines": [], "start_line": 729}, "compute_training_recommendations": {"executed_lines": [891, 892, 893, 896, 897, 906, 908, 909, 915, 921, 927, 933, 948, 955, 956, 958, 960, 962, 963, 967, 968, 969, 970, 977, 978, 985, 986, 993, 1002], "summary": {"covered_lines": 29, "num_statements": 40, "percent_covered": 72.5, "percent_covered_display": "72", "missing_lines": 11, "excluded_lines": 0, "percent_statements_covered": 72.5, "percent_statements_covered_display": "72"}, "missing_lines": [898, 899, 900, 901, 903, 940, 957, 959, 961, 964, 994], "excluded_lines": [], "start_line": 886}, "compute_all": {"executed_lines": [], "summary": {"covered_lines": 0, "num_statements": 9, "percent_covered": 0.0, "percent_covered_display": "0", "missing_lines": 9, "excluded_lines": 0, "percent_statements_covered": 0.0, "percent_statements_covered_display": "0"}, "missing_lines": [1013, 1014, 1015, 1016, 1017, 1018, 1019, 1021, 1026], "excluded_lines": [], "start_line": 1011}, "compute_all._dc_to_dict": {"executed_lines": [], "summary": {"covered_lines": 0, "num_statements": 2, "percent_covered": 0.0, "percent_covered_display": "0", "missing_lines": 2, "excluded_lines": 0, "percent_statements_covered": 0.0, "percent_statements_covered_display": "0"}, "missing_lines": [1023, 1024], "excluded_lines": [], "start_line": 1021}, "": {"executed_lines": [12, 14, 16, 22, 27, 28, 29, 30, 31, 32, 33, 34, 37, 38, 39, 40, 41, 42, 43, 44, 45, 46, 47, 50, 51, 52, 53, 54, 55, 56, 57, 58, 59, 60, 61, 62, 65, 66, 67, 68, 69, 70, 71, 72, 73, 74, 75, 76, 79, 80, 81, 82, 83, 84, 85, 88, 89, 90, 91, 92, 93, 94, 95, 96, 99, 100, 101, 102, 103, 104, 105, 106, 107, 108, 109, 110, 113, 114, 115, 116, 117, 118, 121, 122, 123, 124, 125, 126, 127, 130, 131, 132, 133, 134, 135, 136, 141, 147, 150, 187, 217, 316, 405, 514, 615, 729, 886, 1011], "summary": {"covered_lines": 108, "num_statements": 108, "percent_covered": 100.0, "percent_covered_display": "100", "missing_lines": 0, "excluded_lines": 0, "percent_statements_covered": 100.0, "percent_statements_covered_display": "100"}, "missing_lines": [], "excluded_lines": [], "start_line": 1}}, "classes": {"AthleteSnapshot": {"executed_lines": [], "summary": {"covered_lines": 0, "num_statements": 0, "percent_covered": 100.0, "percent_covered_display": "100", "missing_lines": 0, "excluded_lines": 0, "percent_statements_covered": 100.0, "percent_statements_covered_display": "100"}, "missing_lines": [], "excluded_lines": [], "start_line": 28}, "AerobicAnalysis": {"executed_lines": [], "summary": {"covered_lines": 0, "num_statements": 0, "percent_covered": 100.0, "percent_covered_display": "100", "missing_lines": 0, "excluded_lines": 0, "percent_statements_covered": 100.0, "percent_statements_covered_display": "100"}, "missing_lines": [], "excluded_lines": [], "start_line": 38}, "RunningEconomy": {"executed_lines": [], "summary": {"covered_lines": 0, "num_statements": 0, "percent_covered": 100.0, "percent_covered_display": "100", "missing_lines": 0, "excluded_lines": 0, "percent_statements_covered": 100.0, "percent_statements_covered_display": "100"}, "missing_lines": [], "excluded_lines": [], "start_line": 51}, "LoadRecovery": {"executed_lines": [], "summary": {"covered_lines": 0, "num_statements": 0, "percent_covered": 100.0, "percent_covered_display": "100", "missing_lines": 0, "excluded_lines": 0, "percent_statements_covered": 100.0, "percent_statements_covered_display": "100"}, "missing_lines": [], "excluded_lines": [], "start_line": 66}, "RacePrediction": {"executed_lines": [], "summary": {"covered_lines": 0, "num_statements": 0, "percent_covered": 100.0, "percent_covered_display": "100", "missing_lines": 0, "excluded_lines": 0, "percent_statements_covered": 100.0, "percent_statements_covered_display": "100"}, "missing_lines": [], "excluded_lines": [], "start_line": 80}, "RacePredictions": {"executed_lines": [], "summary": {"covered_lines": 0, "num_statements": 0, "percent_covered": 100.0, "percent_covered_display": "100", "missing_lines": 0, "excluded_lines": 0, "percent_statements_covered": 100.0, "percent_statements_covered_display": "100"}, "missing_lines": [], "excluded_lines": [], "start_line": 89}, "HyroxPredictions": {"executed_lines": [], "summary": {"covered_lines": 0, "num_statements": 0, "percent_covered": 100.0, "percent_covered_display": "100", "missing_lines": 0, "excluded_lines": 0, "percent_statements_covered": 100.0, "percent_statements_covered_display": "100"}, "missing_lines": [], "excluded_lines": [], "start_line": 100}, "KeySession": {"executed_lines": [], "summary": {"covered_lines": 0, "num_statements": 0, "percent_covered": 100.0, "percent_covered_display": "100", "missing_lines": 0, "excluded_lines": 0, "percent_statements_covered": 100.0, "percent_statements_covered_display": "100"}, "missing_lines": [], "excluded_lines": [], "start_line": 114}, "Benchmark": {"executed_lines": [], "summary": {"covered_lines": 0, "num_statements": 0, "percent_covered": 100.0, "percent_covered_display": "100", "missing_lines": 0, "excluded_lines": 0, "percent_statements_covered": 100.0, "percent_statements_covered_display": "100"}, "missing_lines": [], "excluded_lines": [], "start_line": 122}, "TrainingRecommendations": {"executed_lines": [], "summary": {"covered_lines": 0, "num_statements": 0, "percent_covered": 100.0, "percent_covered_display": "100", "missing_lines": 0, "excluded_lines": 0, "percent_statements_covered": 100.0, "percent_statements_covered_display": "100"}, "missing_lines": [], "excluded_lines": [], "start_line": 131}, "": {"executed_lines": [12, 14, 16, 22, 27, 28, 29, 30, 31, 32, 33, 34, 37, 38, 39, 40, 41, 42, 43, 44, 45, 46, 47, 50, 51, 52, 53, 54, 55, 56, 57, 58, 59, 60, 61, 62, 65, 66, 67, 68, 69, 70, 71, 72, 73, 74, 75, 76, 79, 80, 81, 82, 83, 84, 85, 88, 89, 90, 91, 92, 93, 94, 95, 96, 99, 100, 101, 102, 103, 104, 105, 106, 107, 108, 109, 110, 113, 114, 115, 116, 117, 118, 121, 122, 123, 124, 125, 126, 127, 130, 131, 132, 133, 134, 135, 136, 141, 142, 143, 147, 150, 157, 158, 160, 165, 170, 171, 177, 178, 179, 180, 181, 182, 183, 184, 187, 194, 195, 196, 197, 198, 199, 200, 201, 202, 204, 205, 206, 207, 208, 210, 211, 217, 218, 219, 222, 224, 226, 228, 229, 232, 234, 237, 240, 242, 244, 246, 249, 252, 253, 255, 256, 257, 260, 267, 269, 270, 272, 273, 290, 292, 295, 297, 301, 302, 303, 306, 316, 317, 318, 321, 323, 325, 326, 334, 337, 338, 339, 340, 341, 342, 345, 346, 347, 352, 354, 356, 359, 362, 364, 374, 375, 378, 380, 381, 392, 405, 406, 407, 410, 411, 412, 426, 429, 430, 431, 441, 444, 445, 446, 458, 461, 462, 463, 475, 478, 479, 482, 485, 486, 497, 499, 514, 516, 517, 519, 521, 523, 526, 529, 530, 532, 534, 537, 540, 541, 543, 545, 547, 550, 553, 554, 556, 558, 561, 564, 565, 567, 569, 571, 573, 574, 576, 579, 581, 584, 587, 588, 590, 592, 594, 596, 598, 599, 601, 615, 616, 618, 627, 628, 629, 634, 635, 637, 638, 641, 642, 643, 647, 648, 657, 658, 659, 660, 661, 662, 665, 667, 670, 673, 675, 676, 683, 684, 685, 687, 688, 690, 691, 693, 700, 709, 710, 711, 712, 713, 714, 715, 716, 718, 729, 735, 736, 739, 741, 755, 771, 774, 775, 776, 777, 778, 781, 784, 785, 787, 788, 791, 792, 794, 795, 796, 797, 799, 800, 803, 805, 806, 808, 811, 818, 826, 827, 828, 829, 830, 833, 837, 838, 839, 842, 844, 845, 847, 850, 851, 852, 853, 854, 855, 856, 858, 859, 860, 861, 863, 864, 869, 872, 886, 891, 892, 893, 896, 897, 906, 908, 909, 915, 921, 927, 933, 948, 955, 956, 958, 960, 962, 963, 967, 968, 969, 970, 977, 978, 985, 986, 993, 1002, 1011], "summary": {"covered_lines": 400, "num_statements": 611, "percent_covered": 65.46644844517185, "percent_covered_display": "65", "missing_lines": 211, "excluded_lines": 0, "percent_statements_covered": 65.46644844517185, "percent_statements_covered_display": "65"}, "missing_lines": [161, 162, 163, 166, 167, 168, 172, 173, 174, 175, 223, 225, 227, 233, 235, 241, 243, 245, 247, 258, 261, 262, 263, 264, 265, 268, 274, 275, 276, 277, 278, 279, 280, 282, 283, 284, 285, 286, 287, 288, 291, 293, 296, 298, 304, 322, 324, 327, 328, 329, 330, 332, 348, 349, 350, 353, 355, 357, 365, 366, 367, 368, 369, 370, 372, 383, 384, 385, 386, 387, 388, 389, 390, 413, 414, 415, 416, 417, 418, 419, 420, 421, 422, 424, 432, 433, 434, 435, 436, 438, 439, 447, 448, 449, 450, 451, 452, 453, 455, 456, 464, 465, 466, 467, 468, 469, 470, 472, 473, 487, 488, 489, 490, 491, 492, 493, 495, 518, 520, 522, 524, 531, 533, 535, 542, 544, 546, 548, 555, 557, 559, 566, 568, 570, 572, 575, 577, 580, 582, 589, 591, 593, 595, 597, 630, 631, 632, 639, 640, 645, 666, 668, 674, 677, 678, 680, 694, 695, 696, 697, 698, 701, 702, 703, 704, 705, 706, 743, 744, 745, 748, 749, 750, 751, 753, 756, 779, 786, 804, 820, 821, 822, 831, 843, 857, 865, 866, 867, 870, 898, 899, 900, 901, 903, 940, 957, 959, 961, 964, 994, 1013, 1014, 1015, 1016, 1017, 1018, 1019, 1021, 1023, 1024, 1026], "excluded_lines": [], "start_line": 1}}}, "src/paceforge/engine/bike.py": {"executed_lines": [3, 6, 17, 19, 25, 27, 29, 30, 31, 32, 33, 34, 35, 36, 37, 38, 41, 43, 46, 48, 51, 53, 56, 59, 60, 62, 65, 67, 68, 71, 73], "summary": {"covered_lines": 31, "num_statements": 33, "percent_covered": 93.93939393939394, "percent_covered_display": "94", "missing_lines": 2, "excluded_lines": 0, "percent_statements_covered": 93.93939393939394, "percent_statements_covered_display": "94"}, "missing_lines": [28, 61], "excluded_lines": [], "functions": {"power_zones": {"executed_lines": [19], "summary": {"covered_lines": 1, "num_statements": 1, "percent_covered": 100.0, "percent_covered_display": "100", "missing_lines": 0, "excluded_lines": 0, "percent_statements_covered": 100.0, "percent_statements_covered_display": "100"}, "missing_lines": [], "excluded_lines": [], "start_line": 17}, "normalized_power": {"executed_lines": [27, 29, 30, 31, 32, 33, 34, 35, 36, 37, 38], "summary": {"covered_lines": 11, "num_statements": 12, "percent_covered": 91.66666666666667, "percent_covered_display": "92", "missing_lines": 1, "excluded_lines": 0, "percent_statements_covered": 91.66666666666667, "percent_statements_covered_display": "92"}, "missing_lines": [28], "excluded_lines": [], "start_line": 25}, "intensity_factor": {"executed_lines": [43], "summary": {"covered_lines": 1, "num_statements": 1, "percent_covered": 100.0, "percent_covered_display": "100", "missing_lines": 0, "excluded_lines": 0, "percent_statements_covered": 100.0, "percent_statements_covered_display": "100"}, "missing_lines": [], "excluded_lines": [], "start_line": 41}, "tss": {"executed_lines": [48], "summary": {"covered_lines": 1, "num_statements": 1, "percent_covered": 100.0, "percent_covered_display": "100", "missing_lines": 0, "excluded_lines": 0, "percent_statements_covered": 100.0, "percent_statements_covered_display": "100"}, "missing_lines": [], "excluded_lines": [], "start_line": 46}, "ramp_test_ftp": {"executed_lines": [53], "summary": {"covered_lines": 1, "num_statements": 1, "percent_covered": 100.0, "percent_covered_display": "100", "missing_lines": 0, "excluded_lines": 0, "percent_statements_covered": 100.0, "percent_statements_covered_display": "100"}, "missing_lines": [], "excluded_lines": [], "start_line": 51}, "estimate_workout_tss": {"executed_lines": [59, 60, 62], "summary": {"covered_lines": 3, "num_statements": 4, "percent_covered": 75.0, "percent_covered_display": "75", "missing_lines": 1, "excluded_lines": 0, "percent_statements_covered": 75.0, "percent_statements_covered_display": "75"}, "missing_lines": [61], "excluded_lines": [], "start_line": 56}, "progression_update": {"executed_lines": [67, 68], "summary": {"covered_lines": 2, "num_statements": 2, "percent_covered": 100.0, "percent_covered_display": "100", "missing_lines": 0, "excluded_lines": 0, "percent_statements_covered": 100.0, "percent_statements_covered_display": "100"}, "missing_lines": [], "excluded_lines": [], "start_line": 65}, "suggest_next_level": {"executed_lines": [73], "summary": {"covered_lines": 1, "num_statements": 1, "percent_covered": 100.0, "percent_covered_display": "100", "missing_lines": 0, "excluded_lines": 0, "percent_statements_covered": 100.0, "percent_statements_covered_display": "100"}, "missing_lines": [], "excluded_lines": [], "start_line": 71}, "": {"executed_lines": [3, 6, 17, 25, 41, 46, 51, 56, 65, 71], "summary": {"covered_lines": 10, "num_statements": 10, "percent_covered": 100.0, "percent_covered_display": "100", "missing_lines": 0, "excluded_lines": 0, "percent_statements_covered": 100.0, "percent_statements_covered_display": "100"}, "missing_lines": [], "excluded_lines": [], "start_line": 1}}, "classes": {"": {"executed_lines": [3, 6, 17, 19, 25, 27, 29, 30, 31, 32, 33, 34, 35, 36, 37, 38, 41, 43, 46, 48, 51, 53, 56, 59, 60, 62, 65, 67, 68, 71, 73], "summary": {"covered_lines": 31, "num_statements": 33, "percent_covered": 93.93939393939394, "percent_covered_display": "94", "missing_lines": 2, "excluded_lines": 0, "percent_statements_covered": 93.93939393939394, "percent_statements_covered_display": "94"}, "missing_lines": [28, 61], "excluded_lines": [], "start_line": 1}}}, "src/paceforge/engine/briefings.py": {"executed_lines": [11, 13, 16, 23, 125, 143, 151, 152, 153, 156, 157, 158, 159, 160, 163, 165, 166, 167, 168, 169, 171, 172, 175, 181, 182, 183, 193, 194, 196, 202, 203, 207, 211, 212, 216, 217, 221, 222, 223, 224, 225, 226, 227, 228, 229, 234, 235, 240, 243, 247, 248, 252, 253, 258, 259, 269, 270, 271, 272], "summary": {"covered_lines": 59, "num_statements": 60, "percent_covered": 98.33333333333333, "percent_covered_display": "98", "missing_lines": 1, "excluded_lines": 0, "percent_statements_covered": 98.33333333333333, "percent_statements_covered_display": "98"}, "missing_lines": [195], "excluded_lines": [], "functions": {"_fmt": {"executed_lines": [152, 153], "summary": {"covered_lines": 2, "num_statements": 2, "percent_covered": 100.0, "percent_covered_display": "100", "missing_lines": 0, "excluded_lines": 0, "percent_statements_covered": 100.0, "percent_statements_covered_display": "100"}, "missing_lines": [], "excluded_lines": [], "start_line": 151}, "_step_text": {"executed_lines": [157, 158, 159, 160], "summary": {"covered_lines": 4, "num_statements": 4, "percent_covered": 100.0, "percent_covered_display": "100", "missing_lines": 0, "excluded_lines": 0, "percent_statements_covered": 100.0, "percent_statements_covered_display": "100"}, "missing_lines": [], "excluded_lines": [], "start_line": 156}, "build_structure": {"executed_lines": [165, 166, 167, 168, 169, 171, 172], "summary": {"covered_lines": 7, "num_statements": 7, "percent_covered": 100.0, "percent_covered_display": "100", "missing_lines": 0, "excluded_lines": 0, "percent_statements_covered": 100.0, "percent_statements_covered_display": "100"}, "missing_lines": [], "excluded_lines": [], "start_line": 163}, "build_briefing": {"executed_lines": [181, 182, 183, 193, 194, 196, 202, 203, 207, 211, 212, 216, 217, 221, 222, 223, 224, 225, 226, 227, 228, 229, 234, 235, 240], "summary": {"covered_lines": 25, "num_statements": 26, "percent_covered": 96.15384615384616, "percent_covered_display": "96", "missing_lines": 1, "excluded_lines": 0, "percent_statements_covered": 96.15384615384616, "percent_statements_covered_display": "96"}, "missing_lines": [195], "excluded_lines": [], "start_line": 175}, "week_intro": {"executed_lines": [247, 248, 252, 253, 258, 259, 269, 270, 271, 272], "summary": {"covered_lines": 10, "num_statements": 10, "percent_covered": 100.0, "percent_covered_display": "100", "missing_lines": 0, "excluded_lines": 0, "percent_statements_covered": 100.0, "percent_statements_covered_display": "100"}, "missing_lines": [], "excluded_lines": [], "start_line": 243}, "": {"executed_lines": [11, 13, 16, 23, 125, 143, 151, 156, 163, 175, 243], "summary": {"covered_lines": 11, "num_statements": 11, "percent_covered": 100.0, "percent_covered_display": "100", "missing_lines": 0, "excluded_lines": 0, "percent_statements_covered": 100.0, "percent_statements_covered_display": "100"}, "missing_lines": [], "excluded_lines": [], "start_line": 1}}, "classes": {"": {"executed_lines": [11, 13, 16, 23, 125, 143, 151, 152, 153, 156, 157, 158, 159, 160, 163, 165, 166, 167, 168, 169, 171, 172, 175, 181, 182, 183, 193, 194, 196, 202, 203, 207, 211, 212, 216, 217, 221, 222, 223, 224, 225, 226, 227, 228, 229, 234, 235, 240, 243, 247, 248, 252, 253, 258, 259, 269, 270, 271, 272], "summary": {"covered_lines": 59, "num_statements": 60, "percent_covered": 98.33333333333333, "percent_covered_display": "98", "missing_lines": 1, "excluded_lines": 0, "percent_statements_covered": 98.33333333333333, "percent_statements_covered_display": "98"}, "missing_lines": [195], "excluded_lines": [], "start_line": 1}}}, "src/paceforge/engine/compliance.py": {"executed_lines": [15, 17, 19, 20, 22, 25, 26, 27, 28, 29, 30, 31, 34, 36, 37, 38, 39, 40, 42, 43, 44, 45, 47, 48, 49, 50, 51, 60, 73, 78, 80, 81, 82, 83, 84, 85, 86, 87, 88, 89, 91, 92, 93, 94, 97, 99, 102, 110, 112, 113, 114, 115, 117, 118, 122, 123, 125, 126, 127, 128, 129, 130, 131, 132, 133, 134, 144, 147, 148, 149, 152, 153, 157, 163, 164, 171, 172, 173, 175, 176, 177, 180, 181, 182, 183, 184, 185, 188, 198, 201, 202, 203, 204, 205, 207, 210, 217, 218, 220, 221, 222, 223, 224, 226, 227, 228, 229, 230, 231, 232, 233, 234, 235, 242, 249, 250, 251], "summary": {"covered_lines": 117, "num_statements": 133, "percent_covered": 87.96992481203007, "percent_covered_display": "88", "missing_lines": 16, "excluded_lines": 0, "percent_statements_covered": 87.96992481203007, "percent_statements_covered_display": "88"}, "missing_lines": [52, 53, 54, 55, 57, 90, 95, 96, 98, 116, 124, 154, 174, 187, 206, 225], "excluded_lines": [], "functions": {"_band": {"executed_lines": [26, 27, 28, 29, 30, 31], "summary": {"covered_lines": 6, "num_statements": 6, "percent_covered": 100.0, "percent_covered_display": "100", "missing_lines": 0, "excluded_lines": 0, "percent_statements_covered": 100.0, "percent_statements_covered_display": "100"}, "missing_lines": [], "excluded_lines": [], "start_line": 25}, "_workout_metrics": {"executed_lines": [36, 37, 38, 39, 40, 42, 43, 44, 45, 47, 48, 49, 50, 51, 60], "summary": {"covered_lines": 15, "num_statements": 20, "percent_covered": 75.0, "percent_covered_display": "75", "missing_lines": 5, "excluded_lines": 0, "percent_statements_covered": 75.0, "percent_statements_covered_display": "75"}, "missing_lines": [52, 53, 54, 55, 57], "excluded_lines": [], "start_line": 34}, "_work_window": {"executed_lines": [80, 81, 82, 83, 84, 85, 86, 87, 88, 89, 91, 92, 93, 94, 97, 99], "summary": {"covered_lines": 16, "num_statements": 20, "percent_covered": 80.0, "percent_covered_display": "80", "missing_lines": 4, "excluded_lines": 0, "percent_statements_covered": 80.0, "percent_statements_covered_display": "80"}, "missing_lines": [90, 95, 96, 98], "excluded_lines": [], "start_line": 78}, "pace_metrics": {"executed_lines": [110, 112, 113, 114, 115, 117, 118, 122, 123, 125, 126, 127, 128, 129, 130, 131, 132, 133, 134], "summary": {"covered_lines": 19, "num_statements": 21, "percent_covered": 90.47619047619048, "percent_covered_display": "90", "missing_lines": 2, "excluded_lines": 0, "percent_statements_covered": 90.47619047619048, "percent_statements_covered_display": "90"}, "missing_lines": [116, 124], "excluded_lines": [], "start_line": 102}, "annotate_pace": {"executed_lines": [147, 148, 149, 152, 153], "summary": {"covered_lines": 5, "num_statements": 6, "percent_covered": 83.33333333333333, "percent_covered_display": "83", "missing_lines": 1, "excluded_lines": 0, "percent_statements_covered": 83.33333333333333, "percent_statements_covered_display": "83"}, "missing_lines": [154], "excluded_lines": [], "start_line": 144}, "pace_status": {"executed_lines": [163, 164, 171, 172, 173, 175, 176, 177, 180, 181, 182, 183, 184, 185, 188], "summary": {"covered_lines": 15, "num_statements": 17, "percent_covered": 88.23529411764706, "percent_covered_display": "88", "missing_lines": 2, "excluded_lines": 0, "percent_statements_covered": 88.23529411764706, "percent_statements_covered_display": "88"}, "missing_lines": [174, 187], "excluded_lines": [], "start_line": 157}, "annotate_plan": {"executed_lines": [201, 202, 203, 204, 205, 207], "summary": {"covered_lines": 6, "num_statements": 7, "percent_covered": 85.71428571428571, "percent_covered_display": "86", "missing_lines": 1, "excluded_lines": 0, "percent_statements_covered": 85.71428571428571, "percent_statements_covered_display": "86"}, "missing_lines": [206], "excluded_lines": [], "start_line": 198}, "weekly_compliance": {"executed_lines": [217, 218, 220, 221, 222, 223, 224, 226, 227, 228, 229, 230, 231, 232, 233, 234, 235, 242, 249, 250, 251], "summary": {"covered_lines": 21, "num_statements": 22, "percent_covered": 95.45454545454545, "percent_covered_display": "95", "missing_lines": 1, "excluded_lines": 0, "percent_statements_covered": 95.45454545454545, "percent_statements_covered_display": "95"}, "missing_lines": [225], "excluded_lines": [], "start_line": 210}, "": {"executed_lines": [15, 17, 19, 20, 22, 25, 34, 73, 78, 102, 144, 157, 198, 210], "summary": {"covered_lines": 14, "num_statements": 14, "percent_covered": 100.0, "percent_covered_display": "100", "missing_lines": 0, "excluded_lines": 0, "percent_statements_covered": 100.0, "percent_statements_covered_display": "100"}, "missing_lines": [], "excluded_lines": [], "start_line": 1}}, "classes": {"": {"executed_lines": [15, 17, 19, 20, 22, 25, 26, 27, 28, 29, 30, 31, 34, 36, 37, 38, 39, 40, 42, 43, 44, 45, 47, 48, 49, 50, 51, 60, 73, 78, 80, 81, 82, 83, 84, 85, 86, 87, 88, 89, 91, 92, 93, 94, 97, 99, 102, 110, 112, 113, 114, 115, 117, 118, 122, 123, 125, 126, 127, 128, 129, 130, 131, 132, 133, 134, 144, 147, 148, 149, 152, 153, 157, 163, 164, 171, 172, 173, 175, 176, 177, 180, 181, 182, 183, 184, 185, 188, 198, 201, 202, 203, 204, 205, 207, 210, 217, 218, 220, 221, 222, 223, 224, 226, 227, 228, 229, 230, 231, 232, 233, 234, 235, 242, 249, 250, 251], "summary": {"covered_lines": 117, "num_statements": 133, "percent_covered": 87.96992481203007, "percent_covered_display": "88", "missing_lines": 16, "excluded_lines": 0, "percent_statements_covered": 87.96992481203007, "percent_statements_covered_display": "88"}, "missing_lines": [52, 53, 54, 55, 57, 90, 95, 96, 98, 116, 124, 154, 174, 187, 206, 225], "excluded_lines": [], "start_line": 1}}}, "src/paceforge/engine/curves.py": {"executed_lines": [9, 11, 15, 20, 22, 23, 26, 28, 29, 30, 31, 33, 34, 37, 41, 42, 45, 46, 47, 48, 49, 50, 51, 52, 53, 54, 55, 56, 57, 58, 59, 60, 61, 62, 65, 67, 68, 69, 70, 71, 72, 73, 74, 75, 76, 79, 80, 81, 83, 84, 91, 96, 97, 98, 99, 101, 102, 103, 104, 106, 107, 109, 110, 111, 112, 114, 115, 117, 122], "summary": {"covered_lines": 69, "num_statements": 77, "percent_covered": 89.6103896103896, "percent_covered_display": "90", "missing_lines": 8, "excluded_lines": 0, "percent_statements_covered": 89.6103896103896, "percent_statements_covered_display": "90"}, "missing_lines": [32, 43, 82, 85, 86, 87, 88, 100], "excluded_lines": [], "functions": {"_series_points": {"executed_lines": [28, 29, 30, 31, 33, 34], "summary": {"covered_lines": 6, "num_statements": 7, "percent_covered": 85.71428571428571, "percent_covered_display": "86", "missing_lines": 1, "excluded_lines": 0, "percent_statements_covered": 85.71428571428571, "percent_statements_covered_display": "86"}, "missing_lines": [32], "excluded_lines": [], "start_line": 26}, "_best_speed": {"executed_lines": [41, 42, 45, 46, 47, 48, 49, 50, 51, 52, 53, 54, 55, 56, 57, 58, 59, 60, 61, 62], "summary": {"covered_lines": 20, "num_statements": 21, "percent_covered": 95.23809523809524, "percent_covered_display": "95", "missing_lines": 1, "excluded_lines": 0, "percent_statements_covered": 95.23809523809524, "percent_statements_covered_display": "95"}, "missing_lines": [43], "excluded_lines": [], "start_line": 37}, "_curve": {"executed_lines": [67, 68, 69, 70, 71, 72, 73, 74, 75, 76], "summary": {"covered_lines": 10, "num_statements": 10, "percent_covered": 100.0, "percent_covered_display": "100", "missing_lines": 0, "excluded_lines": 0, "percent_statements_covered": 100.0, "percent_statements_covered_display": "100"}, "missing_lines": [], "excluded_lines": [], "start_line": 65}, "_activity_date": {"executed_lines": [80, 81, 83, 84], "summary": {"covered_lines": 4, "num_statements": 9, "percent_covered": 44.44444444444444, "percent_covered_display": "44", "missing_lines": 5, "excluded_lines": 0, "percent_statements_covered": 44.44444444444444, "percent_statements_covered_display": "44"}, "missing_lines": [82, 85, 86, 87, 88], "excluded_lines": [], "start_line": 79}, "compute_pace_curves": {"executed_lines": [96, 97, 98, 99, 101, 102, 103, 104, 106, 107, 109, 110, 111, 112, 114, 115, 117, 122], "summary": {"covered_lines": 18, "num_statements": 19, "percent_covered": 94.73684210526316, "percent_covered_display": "95", "missing_lines": 1, "excluded_lines": 0, "percent_statements_covered": 94.73684210526316, "percent_statements_covered_display": "95"}, "missing_lines": [100], "excluded_lines": [], "start_line": 91}, "": {"executed_lines": [9, 11, 15, 20, 22, 23, 26, 37, 65, 79, 91], "summary": {"covered_lines": 11, "num_statements": 11, "percent_covered": 100.0, "percent_covered_display": "100", "missing_lines": 0, "excluded_lines": 0, "percent_statements_covered": 100.0, "percent_statements_covered_display": "100"}, "missing_lines": [], "excluded_lines": [], "start_line": 1}}, "classes": {"": {"executed_lines": [9, 11, 15, 20, 22, 23, 26, 28, 29, 30, 31, 33, 34, 37, 41, 42, 45, 46, 47, 48, 49, 50, 51, 52, 53, 54, 55, 56, 57, 58, 59, 60, 61, 62, 65, 67, 68, 69, 70, 71, 72, 73, 74, 75, 76, 79, 80, 81, 83, 84, 91, 96, 97, 98, 99, 101, 102, 103, 104, 106, 107, 109, 110, 111, 112, 114, 115, 117, 122], "summary": {"covered_lines": 69, "num_statements": 77, "percent_covered": 89.6103896103896, "percent_covered_display": "90", "missing_lines": 8, "excluded_lines": 0, "percent_statements_covered": 89.6103896103896, "percent_statements_covered_display": "90"}, "missing_lines": [32, 43, 82, 85, 86, 87, 88, 100], "excluded_lines": [], "start_line": 1}}}, "src/paceforge/engine/durability.py": {"executed_lines": [15, 17, 18, 19, 24, 25, 28, 30, 31, 32, 33, 34, 35, 36, 38, 39, 40, 41, 42, 43, 45, 46, 47, 50, 51, 54, 55, 61, 62, 63, 64, 65, 66, 67, 70, 71, 72, 73, 74, 75, 76, 77, 80, 81, 82, 83, 84, 85, 86, 89, 90, 91, 92, 93, 94, 95, 96, 97, 99, 100, 101, 102, 103, 106, 107, 108, 109, 110, 111, 112, 115, 116, 117, 118, 119, 120, 121, 122, 123, 124, 127, 128, 129, 130, 131, 132, 135, 136, 137, 138, 139, 140, 143, 144, 145, 146, 147, 148, 149, 152, 153, 154, 155, 156, 162, 163, 164, 165, 166, 167, 170, 171, 172, 173, 174, 175, 178, 179, 180, 181, 182, 183, 189, 190, 192, 193, 194, 195, 196, 197, 199, 200, 201, 202, 203, 204, 205, 206, 207, 208, 209, 210, 211, 223, 224, 226, 227, 231, 232, 233, 234, 235, 236, 237, 238, 239, 240, 241, 242, 245, 246, 247, 248, 249, 250, 252, 253, 254, 255, 256, 258, 259, 266, 267, 268, 269, 270, 271, 281, 283, 284, 285, 286, 287, 289, 295, 296, 297, 298, 300, 303, 304, 305, 306, 307, 308, 309, 310, 311, 312, 314, 315, 316, 317, 318, 319, 331, 334, 340, 341, 342, 343, 344, 345, 346, 347, 349, 350, 351, 352, 355, 357, 358, 359, 360, 361, 362, 363, 367, 368, 369, 372, 376, 377, 378, 379, 380, 381, 382, 383, 384, 387, 389, 390, 391, 392, 393, 394, 397, 398, 399, 401, 402, 403, 404, 405, 406, 407, 408, 409, 410, 411, 412, 413, 415, 416, 417, 418, 419, 420, 421, 422, 423, 424, 425, 426, 427, 433, 434, 436, 437, 438, 441, 442, 443, 444, 445, 446, 447, 448, 449, 451, 452, 454, 455, 456, 457, 458, 459, 460, 461, 462, 463, 475, 476, 477, 478, 479, 481, 482, 483, 484, 485, 486, 487, 488, 489, 490, 491, 492, 493, 494, 495, 497, 498, 499, 504, 519, 520, 521, 522, 523, 524, 525, 526, 527, 528, 530, 531, 532, 533, 534, 535, 536, 537, 540, 541, 552, 553, 555, 556, 557, 558, 559, 560, 568, 576, 577, 578, 579, 591, 594, 595, 596, 597, 598, 599, 600, 601, 602, 603, 604, 605, 606, 607, 616, 617, 620, 624, 628, 629, 639, 648, 650, 651, 652, 654, 655, 656, 657, 658, 659, 660, 661, 662, 663, 664, 665, 666, 668, 669, 670, 671, 672, 673, 674, 676, 677, 679, 684, 685, 686, 687, 688, 690, 691, 692, 694, 695, 696, 697, 698, 699, 701, 713, 715, 716, 717, 720, 722, 723, 724, 725, 726, 727, 728, 729, 730, 731, 733, 734, 735, 736, 737, 738, 742, 749], "summary": {"covered_lines": 447, "num_statements": 482, "percent_covered": 92.73858921161826, "percent_covered_display": "93", "missing_lines": 35, "excluded_lines": 0, "percent_statements_covered": 92.73858921161826, "percent_statements_covered_display": "93"}, "missing_lines": [37, 191, 198, 225, 228, 243, 251, 257, 288, 299, 313, 364, 365, 366, 435, 453, 480, 500, 501, 503, 529, 538, 561, 562, 563, 564, 565, 566, 567, 569, 585, 621, 625, 667, 740], "excluded_lines": [], "functions": {"_mean": {"executed_lines": [25], "summary": {"covered_lines": 1, "num_statements": 1, "percent_covered": 100.0, "percent_covered_display": "100", "missing_lines": 0, "excluded_lines": 0, "percent_statements_covered": 100.0, "percent_statements_covered_display": "100"}, "missing_lines": [], "excluded_lines": [], "start_line": 24}, "_linreg": {"executed_lines": [30, 31, 32, 33, 34, 35, 36, 38, 39, 40, 41, 42, 43, 45, 46, 47], "summary": {"covered_lines": 16, "num_statements": 17, "percent_covered": 94.11764705882354, "percent_covered_display": "94", "missing_lines": 1, "excluded_lines": 0, "percent_statements_covered": 94.11764705882354, "percent_statements_covered_display": "94"}, "missing_lines": [37], "excluded_lines": [], "start_line": 28}, "_is_run": {"executed_lines": [51], "summary": {"covered_lines": 1, "num_statements": 1, "percent_covered": 100.0, "percent_covered_display": "100", "missing_lines": 0, "excluded_lines": 0, "percent_statements_covered": 100.0, "percent_statements_covered_display": "100"}, "missing_lines": [], "excluded_lines": [], "start_line": 50}, "_days_since": {"executed_lines": [55], "summary": {"covered_lines": 1, "num_statements": 1, "percent_covered": 100.0, "percent_covered_display": "100", "missing_lines": 0, "excluded_lines": 0, "percent_statements_covered": 100.0, "percent_statements_covered_display": "100"}, "missing_lines": [], "excluded_lines": [], "start_line": 54}, "_series_of": {"executed_lines": [163, 164, 165, 166, 167], "summary": {"covered_lines": 5, "num_statements": 5, "percent_covered": 100.0, "percent_covered_display": "100", "missing_lines": 0, "excluded_lines": 0, "percent_statements_covered": 100.0, "percent_statements_covered_display": "100"}, "missing_lines": [], "excluded_lines": [], "start_line": 162}, "_splits_of": {"executed_lines": [171, 172, 173, 174, 175], "summary": {"covered_lines": 5, "num_statements": 5, "percent_covered": 100.0, "percent_covered_display": "100", "missing_lines": 0, "excluded_lines": 0, "percent_statements_covered": 100.0, "percent_statements_covered_display": "100"}, "missing_lines": [], "excluded_lines": [], "start_line": 170}, "_hr_zones_of": {"executed_lines": [179, 180, 181, 182, 183], "summary": {"covered_lines": 5, "num_statements": 5, "percent_covered": 100.0, "percent_covered_display": "100", "missing_lines": 0, "excluded_lines": 0, "percent_statements_covered": 100.0, "percent_statements_covered_display": "100"}, "missing_lines": [], "excluded_lines": [], "start_line": 178}, "_efficiency_factor": {"executed_lines": [190, 192, 193, 194, 195, 196, 197, 199, 200, 201, 202, 203, 204, 205, 206, 207, 208, 209, 210, 211], "summary": {"covered_lines": 20, "num_statements": 22, "percent_covered": 90.9090909090909, "percent_covered_display": "91", "missing_lines": 2, "excluded_lines": 0, "percent_statements_covered": 90.9090909090909, "percent_statements_covered_display": "91"}, "missing_lines": [191, 198], "excluded_lines": [], "start_line": 189}, "_decoupling_grade": {"executed_lines": [224, 226, 227], "summary": {"covered_lines": 3, "num_statements": 5, "percent_covered": 60.0, "percent_covered_display": "60", "missing_lines": 2, "excluded_lines": 0, "percent_statements_covered": 60.0, "percent_statements_covered_display": "60
[...]
xecuted_lines": [], "summary": {"covered_lines": 0, "num_statements": 0, "percent_covered": 100.0, "percent_covered_display": "100", "missing_lines": 0, "excluded_lines": 0, "percent_statements_covered": 100.0, "percent_statements_covered_display": "100"}, "missing_lines": [], "excluded_lines": [], "start_line": 20}, "HealthData": {"executed_lines": [], "summary": {"covered_lines": 0, "num_statements": 0, "percent_covered": 100.0, "percent_covered_display": "100", "missing_lines": 0, "excluded_lines": 0, "percent_statements_covered": 100.0, "percent_statements_covered_display": "100"}, "missing_lines": [], "excluded_lines": [], "start_line": 29}, "HRZone": {"executed_lines": [], "summary": {"covered_lines": 0, "num_statements": 0, "percent_covered": 100.0, "percent_covered_display": "100", "missing_lines": 0, "excluded_lines": 0, "percent_statements_covered": 100.0, "percent_statements_covered_display": "100"}, "missing_lines": [], "excluded_lines": [], "start_line": 36}, "RacePrediction": {"executed_lines": [], "summary": {"covered_lines": 0, "num_statements": 0, "percent_covered": 100.0, "percent_covered_display": "100", "missing_lines": 0, "excluded_lines": 0, "percent_statements_covered": 100.0, "percent_statements_covered_display": "100"}, "missing_lines": [], "excluded_lines": [], "start_line": 42}, "PersonalRecord": {"executed_lines": [], "summary": {"covered_lines": 0, "num_statements": 0, "percent_covered": 100.0, "percent_covered_display": "100", "missing_lines": 0, "excluded_lines": 0, "percent_statements_covered": 100.0, "percent_statements_covered_display": "100"}, "missing_lines": [], "excluded_lines": [], "start_line": 47}, "RecentActivity": {"executed_lines": [], "summary": {"covered_lines": 0, "num_statements": 0, "percent_covered": 100.0, "percent_covered_display": "100", "missing_lines": 0, "excluded_lines": 0, "percent_statements_covered": 100.0, "percent_statements_covered_display": "100"}, "missing_lines": [], "excluded_lines": [], "start_line": 53}, "UserFitnessProfile": {"executed_lines": [], "summary": {"covered_lines": 0, "num_statements": 0, "percent_covered": 100.0, "percent_covered_display": "100", "missing_lines": 0, "excluded_lines": 0, "percent_statements_covered": 100.0, "percent_statements_covered_display": "100"}, "missing_lines": [], "excluded_lines": [], "start_line": 78}, "GoalType": {"executed_lines": [], "summary": {"covered_lines": 0, "num_statements": 0, "percent_covered": 100.0, "percent_covered_display": "100", "missing_lines": 0, "excluded_lines": 0, "percent_statements_covered": 100.0, "percent_statements_covered_display": "100"}, "missing_lines": [], "excluded_lines": [], "start_line": 141}, "ExperienceLevel": {"executed_lines": [], "summary": {"covered_lines": 0, "num_statements": 0, "percent_covered": 100.0, "percent_covered_display": "100", "missing_lines": 0, "excluded_lines": 0, "percent_statements_covered": 100.0, "percent_statements_covered_display": "100"}, "missing_lines": [], "excluded_lines": [], "start_line": 150}, "TrainingGoal": {"executed_lines": [191], "summary": {"covered_lines": 1, "num_statements": 1, "percent_covered": 100.0, "percent_covered_display": "100", "missing_lines": 0, "excluded_lines": 0, "percent_statements_covered": 100.0, "percent_statements_covered_display": "100"}, "missing_lines": [], "excluded_lines": [], "start_line": 172}, "": {"executed_lines": [3, 5, 6, 8, 13, 15, 16, 17, 20, 22, 23, 24, 25, 26, 29, 31, 32, 33, 36, 37, 38, 39, 42, 43, 44, 47, 48, 49, 50, 53, 54, 55, 56, 57, 58, 59, 60, 61, 62, 63, 64, 65, 66, 67, 69, 70, 71, 72, 73, 74, 75, 78, 81, 82, 83, 84, 85, 86, 87, 88, 89, 90, 91, 92, 93, 94, 95, 96, 97, 98, 101, 102, 103, 106, 107, 108, 109, 110, 111, 114, 115, 116, 119, 120, 123, 127, 130, 133, 136, 141, 142, 143, 144, 145, 146, 147, 150, 151, 152, 153, 156, 158, 167, 169, 172, 173, 174, 175, 178, 179, 183, 184, 185, 186, 187, 189, 190], "summary": {"covered_lines": 117, "num_statements": 117, "percent_covered": 100.0, "percent_covered_display": "100", "missing_lines": 0, "excluded_lines": 0, "percent_statements_covered": 100.0, "percent_statements_covered_display": "100"}, "missing_lines": [], "excluded_lines": [], "start_line": 1}}}, "src/paceforge/store.py": {"executed_lines": [7, 9, 10, 11, 12, 13, 15, 16, 18, 20, 21, 22, 25, 26, 29, 30, 33, 34, 35, 38, 39, 40, 43, 46, 53, 54, 55, 56, 57, 58, 59, 60, 61, 66, 78, 81, 90, 91, 92, 93, 94, 95, 96, 97, 98, 99, 100, 101, 102, 103, 104, 105, 106, 107, 108, 110, 113, 119, 120, 121, 122, 123, 124, 125, 126, 127, 128, 129, 130, 132, 133, 134, 136, 139, 145, 146, 147, 148, 149, 150, 155, 157, 158, 159, 160, 164, 165, 166, 167, 168, 171, 173, 177, 179, 180, 181, 182, 183, 188, 189, 192, 194, 195, 196, 197, 198, 203, 204, 207, 213, 214, 215, 217, 218, 219, 220, 221, 222, 235, 237, 238, 240, 241, 246, 248, 249, 251, 252, 257, 268, 272, 274, 277, 279, 282, 284, 285, 286, 287, 288, 293, 294, 297, 299, 300, 301, 302, 303, 304, 305, 307, 308, 309, 312, 313, 314, 317, 318, 321, 322, 323, 324, 325, 328, 330, 331, 333, 336, 343, 344, 345, 346, 347, 348, 354, 355, 358, 359, 362, 363, 364, 367, 368, 369, 372, 375, 376], "summary": {"covered_lines": 187, "num_statements": 222, "percent_covered": 84.23423423423424, "percent_covered_display": "84", "missing_lines": 35, "excluded_lines": 0, "percent_statements_covered": 84.23423423423424, "percent_statements_covered_display": "84"}, "missing_lines": [151, 152, 162, 184, 185, 199, 200, 223, 224, 225, 226, 227, 228, 229, 230, 231, 232, 239, 242, 243, 250, 253, 254, 259, 260, 261, 262, 263, 264, 265, 269, 289, 290, 306, 332], "excluded_lines": [], "functions": {"_path": {"executed_lines": [26], "summary": {"covered_lines": 1, "num_statements": 1, "percent_covered": 100.0, "percent_covered_display": "100", "missing_lines": 0, "excluded_lines": 0, "percent_statements_covered": 100.0, "percent_statements_covered_display": "100"}, "missing_lines": [], "excluded_lines": [], "start_line": 25}, "_write": {"executed_lines": [30, 33, 34, 35], "summary": {"covered_lines": 4, "num_statements": 4, "percent_covered": 100.0, "percent_covered_display": "100", "missing_lines": 0, "excluded_lines": 0, "percent_statements_covered": 100.0, "percent_statements_covered_display": "100"}, "missing_lines": [], "excluded_lines": [], "start_line": 29}, "load_profile": {"executed_lines": [39, 40], "summary": {"covered_lines": 2, "num_statements": 2, "percent_covered": 100.0, "percent_covered_display": "100", "missing_lines": 0, "excluded_lines": 0, "percent_statements_covered": 100.0, "percent_statements_covered_display": "100"}, "missing_lines": [], "excluded_lines": [], "start_line": 38}, "save_profile": {"executed_lines": [53, 54, 55, 56, 57, 58, 59, 60, 61], "summary": {"covered_lines": 9, "num_statements": 9, "percent_covered": 100.0, "percent_covered_display": "100", "missing_lines": 0, "excluded_lines": 0, "percent_statements_covered": 100.0, "percent_statements_covered_display": "100"}, "missing_lines": [], "excluded_lines": [], "start_line": 46}, "append_daily_history": {"executed_lines": [90, 91, 92, 93, 94, 95, 96, 97, 98, 99, 100, 101, 102, 103, 104, 105, 106, 107, 108, 110], "summary": {"covered_lines": 20, "num_statements": 20, "percent_covered": 100.0, "percent_covered_display": "100", "missing_lines": 0, "excluded_lines": 0, "percent_statements_covered": 100.0, "percent_statements_covered_display": "100"}, "missing_lines": [], "excluded_lines": [], "start_line": 81}, "repair_history": {"executed_lines": [119, 120, 121, 122, 123, 124, 125, 126, 127, 128, 129, 130, 132, 133, 134, 136], "summary": {"covered_lines": 16, "num_statements": 16, "percent_covered": 100.0, "percent_covered_display": "100", "missing_lines": 0, "excluded_lines": 0, "percent_statements_covered": 100.0, "percent_statements_covered_display": "100"}, "missing_lines": [], "excluded_lines": [], "start_line": 113}, "load_rpe": {"executed_lines": [145, 146, 147, 148, 149, 150], "summary": {"covered_lines": 6, "num_statements": 8, "percent_covered": 75.0, "percent_covered_display": "75", "missing_lines": 2, "excluded_lines": 0, "percent_statements_covered": 75.0, "percent_statements_covered_display": "75"}, "missing_lines": [151, 152], "excluded_lines": [], "start_line": 139}, "upsert_rpe": {"executed_lines": [157, 158, 159, 160, 164, 165, 166, 167, 168], "summary": {"covered_lines": 9, "num_statements": 10, "percent_covered": 90.0, "percent_covered_display": "90", "missing_lines": 1, "excluded_lines": 0, "percent_statements_covered": 90.0, "percent_statements_covered_display": "90"}, "missing_lines": [162], "excluded_lines": [], "start_line": 155}, "rpe_by_activity": {"executed_lines": [173], "summary": {"covered_lines": 1, "num_statements": 1, "percent_covered": 100.0, "percent_covered_display": "100", "missing_lines": 0, "excluded_lines": 0, "percent_statements_covered": 100.0, "percent_statements_covered_display": "100"}, "missing_lines": [], "excluded_lines": [], "start_line": 171}, "load_token_meta": {"executed_lines": [179, 180, 181, 182, 183], "summary": {"covered_lines": 5, "num_statements": 7, "percent_covered": 71.42857142857143, "percent_covered_display": "71", "missing_lines": 2, "excluded_lines": 0, "percent_statements_covered": 71.42857142857143, "percent_statements_covered_display": "71"}, "missing_lines": [184, 185], "excluded_lines": [], "start_line": 177}, "save_token_meta": {"executed_lines": [189], "summary": {"covered_lines": 1, "num_statements": 1, "percent_covered": 100.0, "percent_covered_display": "100", "missing_lines": 0, "excluded_lines": 0, "percent_statements_covered": 100.0, "percent_statements_covered_display": "100"}, "missing_lines": [], "excluded_lines": [], "start_line": 188}, "load_sync_status": {"executed_lines": [194, 195, 196, 197, 198], "summary": {"covered_lines": 5, "num_statements": 7, "percent_covered": 71.42857142857143, "percent_covered_display": "71", "missing_lines": 2, "excluded_lines": 0, "percent_statements_covered": 71.42857142857143, "percent_statements_covered_display": "71"}, "missing_lines": [199, 200], "excluded_lines": [], "start_line": 192}, "save_sync_status": {"executed_lines": [204], "summary": {"covered_lines": 1, "num_statements": 1, "percent_covered": 100.0, "percent_covered_display": "100", "missing_lines": 0, "excluded_lines": 0, "percent_statements_covered": 100.0, "percent_statements_covered_display": "100"}, "missing_lines": [], "excluded_lines": [], "start_line": 203}, "load_all_details": {"executed_lines": [213, 214, 215, 217, 218, 219, 220, 221, 222], "summary": {"covered_lines": 9, "num_statements": 19, "percent_covered": 47.36842105263158, "percent_covered_display": "47", "missing_lines": 10, "excluded_lines": 0, "percent_statements_covered": 47.36842105263158, "percent_statements_covered_display": "47"}, "missing_lines": [223, 224, 225, 226, 227, 228, 229, 230, 231, 232], "excluded_lines": [], "start_line": 207}, "load_hyrox_results": {"executed_lines": [237, 238, 240, 241], "summary": {"covered_lines": 4, "num_statements": 7, "percent_covered": 57.142857142857146, "percent_covered_display": "57", "missing_lines": 3, "excluded_lines": 0, "percent_statements_covered": 57.142857142857146, "percent_statements_covered_display": "57"}, "missing_lines": [239, 242, 243], "excluded_lines": [], "start_line": 235}, "load_hyrox_analysis": {"executed_lines": [248, 249, 251, 252], "summary": {"covered_lines": 4, "num_statements": 7, "percent_covered": 57.142857142857146, "percent_covered_display": "57", "missing_lines": 3, "excluded_lines": 0, "percent_statements_covered": 57.142857142857146, "percent_statements_covered_display": "57"}, "missing_lines": [250, 253, 254], "excluded_lines": [], "start_line": 246}, "load_benchmarks": {"executed_lines": [], "summary": {"covered_lines": 0, "num_statements": 7, "percent_covered": 0.0, "percent_covered_display": "0", "missing_lines": 7, "excluded_lines": 0, "percent_statements_covered": 0.0, "percent_statements_covered_display": "0"}, "missing_lines": [259, 260, 261, 262, 263, 264, 265], "excluded_lines": [], "start_line": 257}, "save_benchmarks": {"executed_lines": [], "summary": {"covered_lines": 0, "num_statements": 1, "percent_covered": 0.0, "percent_covered_display": "0", "missing_lines": 1, "excluded_lines": 0, "percent_statements_covered": 0.0, "percent_statements_covered_display": "0"}, "missing_lines": [269], "excluded_lines": [], "start_line": 268}, "save_hyrox_results": {"executed_lines": [274], "summary": {"covered_lines": 1, "num_statements": 1, "percent_covered": 100.0, "percent_covered_display": "100", "missing_lines": 0, "excluded_lines": 0, "percent_statements_covered": 100.0, "percent_statements_covered_display": "100"}, "missing_lines": [], "excluded_lines": [], "start_line": 272}, "save_hyrox_preview": {"executed_lines": [279], "summary": {"covered_lines": 1, "num_statements": 1, "percent_covered": 100.0, "percent_covered_display": "100", "missing_lines": 0, "excluded_lines": 0, "percent_statements_covered": 100.0, "percent_statements_covered_display": "100"}, "missing_lines": [], "excluded_lines": [], "start_line": 277}, "load_events": {"executed_lines": [284, 285, 286, 287, 288], "summary": {"covered_lines": 5, "num_statements": 7, "percent_covered": 71.42857142857143, "percent_covered_display": "71", "missing_lines": 2, "excluded_lines": 0, "percent_statements_covered": 71.42857142857143, "percent_statements_covered_display": "71"}, "missing_lines": [289, 290], "excluded_lines": [], "start_line": 282}, "save_events": {"executed_lines": [294], "summary": {"covered_lines": 1, "num_statements": 1, "percent_covered": 100.0, "percent_covered_display": "100", "missing_lines": 0, "excluded_lines": 0, "percent_statements_covered": 100.0, "percent_statements_covered_display": "100"}, "missing_lines": [], "excluded_lines": [], "start_line": 293}, "load_history": {"executed_lines": [299, 300, 301, 302, 303, 304, 305, 307, 308, 309], "summary": {"covered_lines": 10, "num_statements": 11, "percent_covered": 90.9090909090909, "percent_covered_display": "91", "missing_lines": 1, "excluded_lines": 0, "percent_statements_covered": 90.9090909090909, "percent_statements_covered_display": "91"}, "missing_lines": [306], "excluded_lines": [], "start_line": 297}, "load_plan": {"executed_lines": [313, 314], "summary": {"covered_lines": 2, "num_statements": 2, "percent_covered": 100.0, "percent_covered_display": "100", "missing_lines": 0, "excluded_lines": 0, "percent_statements_covered": 100.0, "percent_statements_covered_display": "100"}, "missing_lines": [], "excluded_lines": [], "start_line": 312}, "save_plan": {"executed_lines": [318], "summary": {"covered_lines": 1, "num_statements": 1, "percent_covered": 100.0, "percent_covered_display": "100", "missing_lines": 0, "excluded_lines": 0, "percent_statements_covered": 100.0, "percent_statements_covered_display": "100"}, "missing_lines": [], "excluded_lines": [], "start_line": 317}, "load_activities": {"executed_lines": [322, 323, 324, 325], "summary": {"covered_lines": 4, "num_statements": 4, "percent_covered": 100.0, "percent_covered_display": "100", "missing_lines": 0, "excluded_lines": 0, "percent_statements_covered": 100.0, "percent_statements_covered_display": "100"}, "missing_lines": [], "excluded_lines": [], "start_line": 321}, "load_bike_rides": {"executed_lines": [330, 331, 333], "summary": {"covered_lines": 3, "num_statements": 4, "percent_covered": 75.0, "percent_covered_display": "75", "missing_lines": 1, "excluded_lines": 0, "percent_statements_covered": 75.0, "percent_statements_covered_display": "75"}, "missing_lines": [332], "excluded_lines": [], "start_line": 328}, "save_activities": {"executed_lines": [343, 344, 345, 346, 347, 348], "summary": {"covered_lines": 6, "num_statements": 6, "percent_covered": 100.0, "percent_covered_display": "100", "missing_lines": 0, "excluded_lines": 0, "percent_statements_covered": 100.0, "percent_statements_covered_display": "100"}, "missing_lines": [], "excluded_lines": [], "start_line": 336}, "_detail_path": {"executed_lines": [355], "summary": {"covered_lines": 1, "num_statements": 1, "percent_covered": 100.0, "percent_covered_display": "100", "missing_lines": 0, "excluded_lines": 0, "percent_statements_covered": 100.0, "percent_statements_covered_display": "100"}, "missing_lines": [], "excluded_lines": [], "start_line": 354}, "has_detail": {"executed_lines": [359], "summary": {"covered_lines": 1, "num_statements": 1, "percent_covered": 100.0, "percent_covered_display": "100", "missing_lines": 0, "excluded_lines": 0, "percent_statements_covered": 100.0, "percent_statements_covered_display": "100"}, "missing_lines": [], "excluded_lines": [], "start_line": 358}, "load_detail": {"executed_lines": [363, 364], "summary": {"covered_lines": 2, "num_statements": 2, "percent_covered": 100.0, "percent_covered_display": "100", "missing_lines": 0, "excluded_lines": 0, "percent_statements_covered": 100.0, "percent_statements_covered_display": "100"}, "missing_lines": [], "excluded_lines": [], "start_line": 362}, "save_detail": {"executed_lines": [368, 369], "summary": {"covered_lines": 2, "num_statements": 2, "percent_covered": 100.0, "percent_covered_display": "100", "missing_lines": 0, "excluded_lines": 0, "percent_statements_covered": 100.0, "percent_statements_covered_display": "100"}, "missing_lines": [], "excluded_lines": [], "start_line": 367}, "invalidate_details_cache": {"executed_lines": [375, 376], "summary": {"covered_lines": 2, "num_statements": 2, "percent_covered": 100.0, "percent_covered_display": "100", "missing_lines": 0, "excluded_lines": 0, "percent_statements_covered": 100.0, "percent_statements_covered_display": "100"}, "missing_lines": [], "excluded_lines": [], "start_line": 372}, "": {"executed_lines": [7, 9, 10, 11, 12, 13, 15, 16, 18, 20, 21, 22, 25, 29, 38, 43, 46, 66, 78, 81, 113, 139, 155, 171, 177, 188, 192, 203, 207, 235, 246, 257, 268, 272, 277, 282, 293, 297, 312, 317, 321, 328, 336, 354, 358, 362, 367, 372], "summary": {"covered_lines": 48, "num_statements": 48, "percent_covered": 100.0, "percent_covered_display": "100", "missing_lines": 0, "excluded_lines": 0, "percent_statements_covered": 100.0, "percent_statements_covered_display": "100"}, "missing_lines": [], "excluded_lines": [], "start_line": 1}}, "classes": {"": {"executed_lines": [7, 9, 10, 11, 12, 13, 15, 16, 18, 20, 21, 22, 25, 26, 29, 30, 33, 34, 35, 38, 39, 40, 43, 46, 53, 54, 55, 56, 57, 58, 59, 60, 61, 66, 78, 81, 90, 91, 92, 93, 94, 95, 96, 97, 98, 99, 100, 101, 102, 103, 104, 105, 106, 107, 108, 110, 113, 119, 120, 121, 122, 123, 124, 125, 126, 127, 128, 129, 130, 132, 133, 134, 136, 139, 145, 146, 147, 148, 149, 150, 155, 157, 158, 159, 160, 164, 165, 166, 167, 168, 171, 173, 177, 179, 180, 181, 182, 183, 188, 189, 192, 194, 195, 196, 197, 198, 203, 204, 207, 213, 214, 215, 217, 218, 219, 220, 221, 222, 235, 237, 238, 240, 241, 246, 248, 249, 251, 252, 257, 268, 272, 274, 277, 279, 282, 284, 285, 286, 287, 288, 293, 294, 297, 299, 300, 301, 302, 303, 304, 305, 307, 308, 309, 312, 313, 314, 317, 318, 321, 322, 323, 324, 325, 328, 330, 331, 333, 336, 343, 344, 345, 346, 347, 348, 354, 355, 358, 359, 362, 363, 364, 367, 368, 369, 372, 375, 376], "summary": {"covered_lines": 187, "num_statements": 222, "percent_covered": 84.23423423423424, "percent_covered_display": "84", "missing_lines": 35, "excluded_lines": 0, "percent_statements_covered": 84.23423423423424, "percent_statements_covered_display": "84"}, "missing_lines": [151, 152, 162, 184, 185, 199, 200, 223, 224, 225, 226, 227, 228, 229, 230, 231, 232, 239, 242, 243, 250, 253, 254, 259, 260, 261, 262, 263, 264, 265, 269, 289, 290, 306, 332], "excluded_lines": [], "start_line": 1}}}}, "totals": {"covered_lines": 4897, "num_statements": 6039, "percent_covered": 81.0895843682729, "percent_covered_display": "81", "missing_lines": 1142, "excluded_lines": 0, "percent_statements_covered": 81.0895843682729, "percent_statements_covered_display": "81"}}